[2026-04-06 17:18:11.568] [async_logger] [info] Starting Windows 365...
[2026-04-06 17:18:11.683] [async_logger] [info] Logging continuing in "WindowsApp-BackgroundTasks.log".
[2026-04-06 17:18:11.683] [async_logger] [info] Creating task server for args: -BackgroundTask 2F7AE860-CD2B-45D2-A656-D4132AE9D3FB -Embedding
[2026-04-06 17:18:11.684] [async_logger] [info] SessionID: 84381e7d-4b89-454a-a115-bbf47f1a72a0
[2026-04-07 11:51:06.245] [async_logger] [info] Starting Windows 365...
[2026-04-07 11:51:06.461] [async_logger] [info] Logging continuing in "WindowsApp-BackgroundTasks.log".
[2026-04-07 11:51:06.464] [async_logger] [info] Creating task server for args: -BackgroundTask 2F7AE860-CD2B-45D2-A656-D4132AE9D3FB -Embedding
[2026-04-07 11:51:06.464] [async_logger] [info] SessionID: bc4ad955-69bb-4d4e-975e-ef07ff46ac3d
[2026-04-07 17:25:54.411] [async_logger] [info] Starting Windows 365...
[2026-04-07 17:25:54.536] [async_logger] [info] Logging continuing in "WindowsApp-BackgroundTasks.log".
[2026-04-07 17:25:54.537] [async_logger] [info] Creating task server for args: -BackgroundTask 907249C0-74A7-4885-AB48-A38A4dCF528F -Embedding
[2026-04-07 17:25:54.537] [async_logger] [info] SessionID: bd733b28-3908-44af-95a7-98cb6e642d1d
[2026-04-08 11:06:06.661] [async_logger] [info] Starting Windows 365...
[2026-04-08 11:06:06.805] [async_logger] [info] Logging continuing in "WindowsApp-BackgroundTasks.log".
[2026-04-08 11:06:06.807] [async_logger] [info] Creating task server for args: -BackgroundTask 2F7AE860-CD2B-45D2-A656-D4132AE9D3FB -Embedding
[2026-04-08 11:06:06.807] [async_logger] [info] SessionID: 03844034-bf0c-457a-85fa-83c5c3e9b37b
[2026-04-08 17:11:10.363] [async_logger] [info] Starting Windows 365...
[2026-04-08 17:11:10.498] [async_logger] [info] Logging continuing in "WindowsApp-BackgroundTasks.log".
[2026-04-08 17:11:10.500] [async_logger] [info] Creating task server for args: -BackgroundTask 2F7AE860-CD2B-45D2-A656-D4132AE9D3FB -Embedding
[2026-04-08 17:11:10.500] [async_logger] [info] SessionID: 8f8bcb68-4dd7-470a-8b4f-81ead0899344
[2026-04-09 10:04:03.303] [async_logger] [info] Starting Windows 365...
[2026-04-09 10:04:03.429] [async_logger] [info] Logging continuing in "WindowsApp-BackgroundTasks.log".
[2026-04-09 10:04:03.430] [async_logger] [info] Creating task server for args: -BackgroundTask 2F7AE860-CD2B-45D2-A656-D4132AE9D3FB -Embedding
[2026-04-09 10:04:03.430] [async_logger] [info] SessionID: e0133da9-ee96-4b41-aedf-26ad9cfab605
[2026-04-09 12:18:48.654] [async_logger] [info] Starting Windows 365...
[2026-04-09 12:18:48.690] [async_logger] [info] [TaskRegistrar] Current background access status: AllowedSubjectToSystemPolicy
[2026-04-09 12:18:48.693] [async_logger] [info] [TaskRegistrar] Registering task: WindowsAppSilentUpdateBackgroundTask
[2026-04-09 12:18:48.700] [async_logger] [info] [TaskRegistrar] Task 'WindowsAppSilentUpdateBackgroundTask' is already registered.
[2026-04-09 12:18:48.700] [async_logger] [info] [TaskRegistrar] Registering task: WindowsAppIntegrityCheckBackgroundTask
[2026-04-09 12:18:48.701] [async_logger] [info] [TaskRegistrar] Task 'WindowsAppIntegrityCheckBackgroundTask' is already registered.
[2026-04-09 12:18:48.701] [async_logger] [info] WindowsAppRunning::mutex acquired
[2026-04-09 12:18:48.701] [async_pii_logger] [info] Command line is ''
[2026-04-09 12:18:48.701] [async_logger] [info] Windows365-WebView-instance::mutex acquired
[2026-04-09 12:18:48.712] [async_logger] [info] Logging continuing in "Windows365-WebView-instance.log".
[2026-04-09 12:18:48.793] [async_logger] [info] SessionID: 4b99d9d3-f7bb-4aa0-aecb-2c1b4bd6d347
[2026-04-09 17:34:59.221] [async_logger] [info] Starting Windows 365...
[2026-04-09 17:34:59.401] [async_logger] [info] Logging continuing in "WindowsApp-BackgroundTasks.log".
[2026-04-09 17:34:59.403] [async_logger] [info] Creating task server for args: -BackgroundTask 2F7AE860-CD2B-45D2-A656-D4132AE9D3FB -Embedding
[2026-04-09 17:34:59.403] [async_logger] [info] SessionID: 8118af7d-97f0-4291-bc84-89b4b0879c2f
