2026-04-09 23:57:47.221 +05:30 [Information] Antivirus.Infrastructure.Persistence.DatabaseBootstrapper: Database and quarantine storage are ready.
2026-04-09 23:57:47.656 +05:30 [Debug] Microsoft.Extensions.Hosting.Internal.Host: Hosting starting
2026-04-09 23:57:47.732 +05:30 [Information] Antivirus.Infrastructure.Security.FileWatcherHostedService: Watching filesystem root C:\Users\dhruvgoyal\Downloads.
2026-04-09 23:57:47.736 +05:30 [Information] Antivirus.Infrastructure.Security.FileWatcherHostedService: Watching filesystem root C:\Users\dhruvgoyal\Documents.
2026-04-09 23:57:47.741 +05:30 [Information] Antivirus.Infrastructure.Security.FileWatcherHostedService: Watching filesystem root C:\Users\dhruvgoyal\AppData\Local\Temp.
2026-04-09 23:57:47.743 +05:30 [Debug] Microsoft.AspNetCore.Watch.BrowserRefresh.BlazorWasmHotReloadMiddleware: Middleware loaded
2026-04-09 23:57:47.746 +05:30 [Information] Antivirus.Infrastructure.Security.FileWatcherHostedService: Watching filesystem root C:\Users\dhruvgoyal\AppData\Roaming\Microsoft\Windows\Start Menu\Programs\Startup.
2026-04-09 23:57:47.756 +05:30 [Debug] Microsoft.AspNetCore.Watch.BrowserRefresh.BrowserScriptMiddleware: Middleware loaded. Script /_framework/aspnetcore-browser-refresh.js (16503 B).
2026-04-09 23:57:47.763 +05:30 [Debug] Microsoft.AspNetCore.Watch.BrowserRefresh.BrowserScriptMiddleware: Middleware loaded. Script /_framework/blazor-hotreload.js (799 B).
2026-04-09 23:57:47.791 +05:30 [Warning] Antivirus.Infrastructure.Security.ScanProcessingHostedService: Marked orphaned scan 32 with previous status Running as failed during host reconciliation.
2026-04-09 23:57:48.021 +05:30 [Debug] Microsoft.AspNetCore.Watch.BrowserRefresh.BrowserRefreshMiddleware: Middleware loaded: DOTNET_MODIFIABLE_ASSEMBLIES=debug, __ASPNETCORE_BROWSER_TOOLS=true
2026-04-09 23:57:48.130 +05:30 [Information] Microsoft.AspNetCore.Hosting.Diagnostics: Request starting HTTP/2 GET https://localhost:44380/ - - -
2026-04-09 23:57:48.249 +05:30 [Information] Microsoft.Hosting.Lifetime: Application started. Press Ctrl+C to shut down.
2026-04-09 23:57:48.254 +05:30 [Information] Microsoft.Hosting.Lifetime: Hosting environment: Development
2026-04-09 23:57:48.258 +05:30 [Information] Microsoft.Hosting.Lifetime: Content root path: C:\Users\dhruvgoyal\source\repos\Antivirus\Antivirus
2026-04-09 23:57:48.439 +05:30 [Debug] Microsoft.Extensions.Hosting.Internal.Host: Hosting started
2026-04-09 23:57:48.581 +05:30 [Information] Microsoft.AspNetCore.Routing.EndpointMiddleware: Executing endpoint 'Fallback {*path:nonfile}'
2026-04-09 23:57:48.624 +05:30 [Debug] Microsoft.WebTools.BrowserLink.Net.BrowserLinkMiddleware: Response markup is scheduled to include Browser Link script injection.
2026-04-09 23:57:48.657 +05:30 [Debug] Microsoft.AspNetCore.Watch.BrowserRefresh.BrowserRefreshMiddleware: Response markup is scheduled to include browser refresh script injection.
2026-04-09 23:57:48.688 +05:30 [Information] Microsoft.AspNetCore.Hosting.Diagnostics: Request starting HTTP/1.1 GET http://localhost:63276/ - - -
2026-04-09 23:57:48.754 +05:30 [Information] Antivirus.Middleware.RequestLoggingMiddleware: GET / responded 307 in 2 ms
2026-04-09 23:57:48.817 +05:30 [Information] Microsoft.AspNetCore.Hosting.Diagnostics: Request finished HTTP/1.1 GET http://localhost:63276/ - 307 - - 88.9303ms
2026-04-09 23:57:48.820 +05:30 [Information] Microsoft.AspNetCore.Hosting.Diagnostics: Request starting HTTP/2 GET https://localhost:44380/ - - -
2026-04-09 23:57:48.889 +05:30 [Information] Microsoft.AspNetCore.Routing.EndpointMiddleware: Executing endpoint 'Fallback {*path:nonfile}'
2026-04-09 23:57:48.925 +05:30 [Information] Microsoft.AspNetCore.StaticFiles.StaticFileMiddleware: The file /index.html was not modified
2026-04-09 23:57:48.930 +05:30 [Information] Microsoft.AspNetCore.Routing.EndpointMiddleware: Executed endpoint 'Fallback {*path:nonfile}'
2026-04-09 23:57:48.936 +05:30 [Information] Antivirus.Middleware.RequestLoggingMiddleware: GET /index.html responded 304 in 46 ms
2026-04-09 23:57:48.938 +05:30 [Information] Microsoft.AspNetCore.StaticFiles.StaticFileMiddleware: Sending file. Request path: '/index.html'. Physical path: 'C:\Users\dhruvgoyal\source\repos\Antivirus\Antivirus\wwwroot\index.html'
2026-04-09 23:57:48.941 +05:30 [Information] Microsoft.AspNetCore.Hosting.Diagnostics: Request finished HTTP/2 GET https://localhost:44380/index.html - 304 - text/html 121.1528ms
2026-04-09 23:57:48.943 +05:30 [Information] Microsoft.AspNetCore.Routing.EndpointMiddleware: Executed endpoint 'Fallback {*path:nonfile}'
2026-04-09 23:57:48.949 +05:30 [Information] Antivirus.Middleware.RequestLoggingMiddleware: GET /index.html responded 200 in 407 ms
2026-04-09 23:57:48.954 +05:30 [Debug] Microsoft.WebTools.BrowserLink.Net.BrowserLinkMiddleware: Response markup was updated to include Browser Link script injection.
2026-04-09 23:57:48.963 +05:30 [Debug] Microsoft.AspNetCore.Watch.BrowserRefresh.BrowserRefreshMiddleware: Response markup was updated to include browser refresh script injection.
2026-04-09 23:57:49.007 +05:30 [Information] Microsoft.AspNetCore.Hosting.Diagnostics: Request finished HTTP/2 GET https://localhost:44380/index.html - 200 - text/html 853.4462ms
2026-04-09 23:57:49.085 +05:30 [Information] Microsoft.AspNetCore.Hosting.Diagnostics: Request starting HTTP/2 GET https://localhost:44380/assets/index-BZlBHFsq.js - - -
2026-04-09 23:57:49.089 +05:30 [Information] Microsoft.AspNetCore.Hosting.Diagnostics: Request starting HTTP/2 GET https://localhost:44380/_framework/aspnetcore-browser-refresh.js - - -
2026-04-09 23:57:49.092 +05:30 [Information] Microsoft.AspNetCore.Hosting.Diagnostics: Request starting HTTP/2 GET https://localhost:44380/assets/index-6BIVshRG.css - - -
2026-04-09 23:57:49.102 +05:30 [Information] Microsoft.AspNetCore.Hosting.Diagnostics: Request starting HTTP/2 GET https://localhost:44380/_vs/browserLink - - -
2026-04-09 23:57:49.141 +05:30 [Information] Microsoft.AspNetCore.Cors.Infrastructure.CorsService: CORS policy execution failed.
2026-04-09 23:57:49.144 +05:30 [Information] Microsoft.AspNetCore.Cors.Infrastructure.CorsService: CORS policy execution failed.
2026-04-09 23:57:49.149 +05:30 [Information] Microsoft.AspNetCore.Cors.Infrastructure.CorsService: Request origin https://localhost:44380 does not have permission to access the resource.
2026-04-09 23:57:49.169 +05:30 [Information] Microsoft.AspNetCore.Cors.Infrastructure.CorsService: Request origin https://localhost:44380 does not have permission to access the resource.
2026-04-09 23:57:49.178 +05:30 [Information] Microsoft.AspNetCore.Hosting.Diagnostics: Request starting HTTP/2 GET https://localhost:44380/_framework/aspnetcore-browser-refresh.js - - -
2026-04-09 23:57:49.213 +05:30 [Debug] Microsoft.AspNetCore.Watch.BrowserRefresh.BrowserScriptMiddleware: Script injected: /_framework/aspnetcore-browser-refresh.js
2026-04-09 23:57:49.226 +05:30 [Debug] Microsoft.AspNetCore.Watch.BrowserRefresh.BrowserScriptMiddleware: Script injected: /_framework/aspnetcore-browser-refresh.js
2026-04-09 23:57:49.230 +05:30 [Information] Microsoft.AspNetCore.Hosting.Diagnostics: Request finished HTTP/2 GET https://localhost:44380/_framework/aspnetcore-browser-refresh.js - 200 16503 application/javascript;+charset=utf-8 140.4957ms
2026-04-09 23:57:49.233 +05:30 [Information] Microsoft.AspNetCore.Hosting.Diagnostics: Request finished HTTP/2 GET https://localhost:44380/_framework/aspnetcore-browser-refresh.js - 200 16503 application/javascript;+charset=utf-8 60.6700ms
2026-04-09 23:57:49.300 +05:30 [Information] Microsoft.AspNetCore.Hosting.Diagnostics: Request starting HTTP/2 GET https://localhost:44380/assets/index-BZlBHFsq.js - - -
2026-04-09 23:57:49.303 +05:30 [Information] Microsoft.AspNetCore.Hosting.Diagnostics: Request starting HTTP/2 GET https://localhost:44380/assets/index-6BIVshRG.css - - -
2026-04-09 23:57:49.308 +05:30 [Information] Microsoft.AspNetCore.Cors.Infrastructure.CorsService: CORS policy execution failed.
2026-04-09 23:57:49.342 +05:30 [Information] Microsoft.AspNetCore.Cors.Infrastructure.CorsService: CORS policy execution failed.
2026-04-09 23:57:49.344 +05:30 [Information] Microsoft.AspNetCore.Cors.Infrastructure.CorsService: Request origin https://localhost:44380 does not have permission to access the resource.
2026-04-09 23:57:49.348 +05:30 [Information] Microsoft.AspNetCore.Cors.Infrastructure.CorsService: Request origin https://localhost:44380 does not have permission to access the resource.
2026-04-09 23:57:49.352 +05:30 [Information] Microsoft.AspNetCore.StaticFiles.StaticFileMiddleware: The file /assets/index-BZlBHFsq.js was not modified
2026-04-09 23:57:49.408 +05:30 [Information] Microsoft.AspNetCore.StaticFiles.StaticFileMiddleware: Sending file. Request path: '/assets/index-BZlBHFsq.js'. Physical path: 'C:\Users\dhruvgoyal\source\repos\Antivirus\Antivirus\wwwroot\assets\index-BZlBHFsq.js'
2026-04-09 23:57:49.441 +05:30 [Information] Microsoft.AspNetCore.StaticFiles.StaticFileMiddleware: The file /assets/index-6BIVshRG.css was not modified
2026-04-09 23:57:49.444 +05:30 [Information] Antivirus.Middleware.RequestLoggingMiddleware: GET /assets/index-BZlBHFsq.js responded 304 in 81 ms
2026-04-09 23:57:49.447 +05:30 [Information] Antivirus.Middleware.RequestLoggingMiddleware: GET /assets/index-BZlBHFsq.js responded 200 in 308 ms
2026-04-09 23:57:49.383 +05:30 [Information] Microsoft.AspNetCore.StaticFiles.StaticFileMiddleware: Sending file. Request path: '/assets/index-6BIVshRG.css'. Physical path: 'C:\Users\dhruvgoyal\source\repos\Antivirus\Antivirus\wwwroot\assets\index-6BIVshRG.css'
2026-04-09 23:57:49.450 +05:30 [Information] Antivirus.Middleware.RequestLoggingMiddleware: GET /assets/index-6BIVshRG.css responded 304 in 139 ms
2026-04-09 23:57:49.455 +05:30 [Information] Microsoft.AspNetCore.Hosting.Diagnostics: Request finished HTTP/2 GET https://localhost:44380/assets/index-BZlBHFsq.js - 304 - text/javascript 197.8388ms
2026-04-09 23:57:49.460 +05:30 [Information] Antivirus.Middleware.RequestLoggingMiddleware: GET /assets/index-6BIVshRG.css responded 200 in 320 ms
2026-04-09 23:57:49.464 +05:30 [Information] Microsoft.AspNetCore.Hosting.Diagnostics: Request finished HTTP/2 GET https://localhost:44380/assets/index-6BIVshRG.css - 304 - text/css 160.8245ms
2026-04-09 23:57:49.470 +05:30 [Information] Microsoft.AspNetCore.Hosting.Diagnostics: Request finished HTTP/2 GET https://localhost:44380/assets/index-6BIVshRG.css - 200 14105 text/css 380.0539ms
2026-04-09 23:57:49.480 +05:30 [Information] Microsoft.AspNetCore.Hosting.Diagnostics: Request finished HTTP/2 GET https://localhost:44380/assets/index-BZlBHFsq.js - 200 254052 text/javascript 434.8289ms
2026-04-09 23:57:49.522 +05:30 [Information] Microsoft.AspNetCore.Hosting.Diagnostics: Request starting HTTP/2 GET https://localhost:44380/_vs/browserLink - - -
2026-04-09 23:57:49.529 +05:30 [Information] Microsoft.AspNetCore.Hosting.Diagnostics: Request finished HTTP/2 GET https://localhost:44380/_vs/browserLink - 200 - text/javascript;+charset=UTF-8 425.9000ms
2026-04-09 23:57:49.566 +05:30 [Information] Microsoft.AspNetCore.Hosting.Diagnostics: Request starting HTTP/2 POST https://localhost:44380/api/agent/register - application/json 284
2026-04-09 23:57:49.571 +05:30 [Information] Microsoft.AspNetCore.Hosting.Diagnostics: Request finished HTTP/2 GET https://localhost:44380/_vs/browserLink - 200 - text/javascript;+charset=UTF-8 48.9052ms
2026-04-09 23:57:49.581 +05:30 [Information] Microsoft.AspNetCore.Cors.Infrastructure.CorsService: CORS policy execution failed.
2026-04-09 23:57:49.586 +05:30 [Information] Microsoft.AspNetCore.Cors.Infrastructure.CorsService: Request origin https://localhost:44380 does not have permission to access the resource.
2026-04-09 23:57:49.591 +05:30 [Information] Microsoft.AspNetCore.Routing.EndpointMiddleware: Executing endpoint 'Antivirus.Controllers.AgentsController.Register (SentinelShieldAntivirus)'
2026-04-09 23:57:49.631 +05:30 [Information] Microsoft.AspNetCore.Hosting.Diagnostics: Request starting HTTP/2 POST https://localhost:44380/api/agent/register - application/json 284
2026-04-09 23:57:49.642 +05:30 [Information] Microsoft.AspNetCore.Cors.Infrastructure.CorsService: CORS policy execution failed.
2026-04-09 23:57:49.649 +05:30 [Information] Microsoft.AspNetCore.Cors.Infrastructure.CorsService: Request origin https://localhost:44380 does not have permission to access the resource.
2026-04-09 23:57:49.654 +05:30 [Information] Microsoft.AspNetCore.Routing.EndpointMiddleware: Executing endpoint 'Antivirus.Controllers.AgentsController.Register (SentinelShieldAntivirus)'
2026-04-09 23:57:49.703 +05:30 [Information] Microsoft.AspNetCore.Mvc.Infrastructure.ControllerActionInvoker: Route matched with {action = "Register", controller = "Agents"}. Executing controller action with signature System.Threading.Tasks.Task`1[Microsoft.AspNetCore.Mvc.ActionResult`1[Antivirus.Domain.AgentRegistrationResponse]] Register(Antivirus.Domain.AgentRegistrationRequest, System.Threading.CancellationToken) on controller Antivirus.Controllers.AgentsController (SentinelShieldAntivirus).
2026-04-09 23:57:49.703 +05:30 [Information] Microsoft.AspNetCore.Mvc.Infrastructure.ControllerActionInvoker: Route matched with {action = "Register", controller = "Agents"}. Executing controller action with signature System.Threading.Tasks.Task`1[Microsoft.AspNetCore.Mvc.ActionResult`1[Antivirus.Domain.AgentRegistrationResponse]] Register(Antivirus.Domain.AgentRegistrationRequest, System.Threading.CancellationToken) on controller Antivirus.Controllers.AgentsController (SentinelShieldAntivirus).
2026-04-09 23:57:49.970 +05:30 [Information] Microsoft.AspNetCore.Mvc.Infrastructure.ControllerActionInvoker: Executing action method Antivirus.Controllers.AgentsController.Register (SentinelShieldAntivirus) - Validation state: Valid
2026-04-09 23:57:49.970 +05:30 [Information] Microsoft.AspNetCore.Mvc.Infrastructure.ControllerActionInvoker: Executing action method Antivirus.Controllers.AgentsController.Register (SentinelShieldAntivirus) - Validation state: Valid
2026-04-09 23:57:50.079 +05:30 [Information] Microsoft.AspNetCore.Mvc.Infrastructure.ControllerActionInvoker: Executed action method Antivirus.Controllers.AgentsController.Register (SentinelShieldAntivirus), returned result Microsoft.AspNetCore.Mvc.OkObjectResult in 93.9267ms.
2026-04-09 23:57:50.079 +05:30 [Information] Microsoft.AspNetCore.Mvc.Infrastructure.ControllerActionInvoker: Executed action method Antivirus.Controllers.AgentsController.Register (SentinelShieldAntivirus), returned result Microsoft.AspNetCore.Mvc.OkObjectResult in 83.7131ms.
2026-04-09 23:57:50.096 +05:30 [Information] Microsoft.AspNetCore.Mvc.Infrastructure.ObjectResultExecutor: Executing OkObjectResult, writing value of type 'Antivirus.Domain.AgentRegistrationResponse'.
2026-04-09 23:57:50.098 +05:30 [Information] Microsoft.AspNetCore.Mvc.Infrastructure.ObjectResultExecutor: Executing OkObjectResult, writing value of type 'Antivirus.Domain.AgentRegistrationResponse'.
2026-04-09 23:57:50.194 +05:30 [Information] Microsoft.AspNetCore.Mvc.Infrastructure.ControllerActionInvoker: Executed action Antivirus.Controllers.AgentsController.Register (SentinelShieldAntivirus) in 467.6106ms
2026-04-09 23:57:50.194 +05:30 [Information] Microsoft.AspNetCore.Mvc.Infrastructure.ControllerActionInvoker: Executed action Antivirus.Controllers.AgentsController.Register (SentinelShieldAntivirus) in 469.8182ms
2026-04-09 23:57:50.201 +05:30 [Information] Microsoft.AspNetCore.Routing.EndpointMiddleware: Executed endpoint 'Antivirus.Controllers.AgentsController.Register (SentinelShieldAntivirus)'
2026-04-09 23:57:50.203 +05:30 [Information] Microsoft.AspNetCore.Routing.EndpointMiddleware: Executed endpoint 'Antivirus.Controllers.AgentsController.Register (SentinelShieldAntivirus)'
2026-04-09 23:57:50.208 +05:30 [Information] Antivirus.Middleware.RequestLoggingMiddleware: POST /api/agent/register responded 200 in 627 ms
2026-04-09 23:57:50.211 +05:30 [Information] Antivirus.Middleware.RequestLoggingMiddleware: POST /api/agent/register responded 200 in 570 ms
2026-04-09 23:57:50.216 +05:30 [Information] Microsoft.AspNetCore.Hosting.Diagnostics: Request finished HTTP/2 POST https://localhost:44380/api/agent/register - 200 - application/json;+charset=utf-8 586.6407ms
2026-04-09 23:57:50.223 +05:30 [Information] Microsoft.AspNetCore.Hosting.Diagnostics: Request starting HTTP/2 POST https://localhost:44380/api/agent/heartbeat - application/json 411
2026-04-09 23:57:50.219 +05:30 [Information] Microsoft.AspNetCore.Hosting.Diagnostics: Request finished HTTP/2 POST https://localhost:44380/api/agent/register - 200 - application/json;+charset=utf-8 650.6024ms
2026-04-09 23:57:50.252 +05:30 [Information] Microsoft.AspNetCore.Hosting.Diagnostics: Request starting HTTP/2 POST https://localhost:44380/api/agent/heartbeat - application/json 411
2026-04-09 23:57:50.258 +05:30 [Information] Microsoft.AspNetCore.Cors.Infrastructure.CorsService: CORS policy execution failed.
2026-04-09 23:57:50.263 +05:30 [Information] Microsoft.AspNetCore.Cors.Infrastructure.CorsService: CORS policy execution failed.
2026-04-09 23:57:50.266 +05:30 [Information] Microsoft.AspNetCore.Cors.Infrastructure.CorsService: Request origin https://localhost:44380 does not have permission to access the resource.
2026-04-09 23:57:50.269 +05:30 [Information] Microsoft.AspNetCore.Cors.Infrastructure.CorsService: Request origin https://localhost:44380 does not have permission to access the resource.
2026-04-09 23:57:50.273 +05:30 [Information] Microsoft.AspNetCore.Routing.EndpointMiddleware: Executing endpoint 'Antivirus.Controllers.AgentsController.Heartbeat (SentinelShieldAntivirus)'
2026-04-09 23:57:50.276 +05:30 [Information] Microsoft.AspNetCore.Routing.EndpointMiddleware: Executing endpoint 'Antivirus.Controllers.AgentsController.Heartbeat (SentinelShieldAntivirus)'
2026-04-09 23:57:50.289 +05:30 [Information] Microsoft.AspNetCore.Mvc.Infrastructure.ControllerActionInvoker: Route matched with {action = "Heartbeat", controller = "Agents"}. Executing controller action with signature System.Threading.Tasks.Task`1[Microsoft.AspNetCore.Mvc.ActionResult`1[Antivirus.Domain.AgentHeartbeatResponse]] Heartbeat(Antivirus.Domain.AgentHeartbeatRequest, System.Threading.CancellationToken) on controller Antivirus.Controllers.AgentsController (SentinelShieldAntivirus).
2026-04-09 23:57:50.292 +05:30 [Information] Microsoft.AspNetCore.Mvc.Infrastructure.ControllerActionInvoker: Route matched with {action = "Heartbeat", controller = "Agents"}. Executing controller action with signature System.Threading.Tasks.Task`1[Microsoft.AspNetCore.Mvc.ActionResult`1[Antivirus.Domain.AgentHeartbeatResponse]] Heartbeat(Antivirus.Domain.AgentHeartbeatRequest, System.Threading.CancellationToken) on controller Antivirus.Controllers.AgentsController (SentinelShieldAntivirus).
2026-04-09 23:57:50.370 +05:30 [Information] Microsoft.AspNetCore.Mvc.Infrastructure.ControllerActionInvoker: Executing action method Antivirus.Controllers.AgentsController.Heartbeat (SentinelShieldAntivirus) - Validation state: Valid
2026-04-09 23:57:50.373 +05:30 [Information] Microsoft.AspNetCore.Mvc.Infrastructure.ControllerActionInvoker: Executing action method Antivirus.Controllers.AgentsController.Heartbeat (SentinelShieldAntivirus) - Validation state: Valid
2026-04-09 23:57:50.399 +05:30 [Information] Microsoft.AspNetCore.Mvc.Infrastructure.ControllerActionInvoker: Executed action method Antivirus.Controllers.AgentsController.Heartbeat (SentinelShieldAntivirus), returned result Microsoft.AspNetCore.Mvc.OkObjectResult in 21.6639ms.
2026-04-09 23:57:50.425 +05:30 [Information] Microsoft.AspNetCore.Mvc.Infrastructure.ControllerActionInvoker: Executed action method Antivirus.Controllers.AgentsController.Heartbeat (SentinelShieldAntivirus), returned result Microsoft.AspNetCore.Mvc.OkObjectResult in 20.4999ms.
2026-04-09 23:57:50.430 +05:30 [Information] Microsoft.AspNetCore.Mvc.Infrastructure.ObjectResultExecutor: Executing OkObjectResult, writing value of type 'Antivirus.Domain.AgentHeartbeatResponse'.
2026-04-09 23:57:50.434 +05:30 [Information] Microsoft.AspNetCore.Mvc.Infrastructure.ObjectResultExecutor: Executing OkObjectResult, writing value of type 'Antivirus.Domain.AgentHeartbeatResponse'.
2026-04-09 23:57:50.442 +05:30 [Information] Microsoft.AspNetCore.Mvc.Infrastructure.ControllerActionInvoker: Executed action Antivirus.Controllers.AgentsController.Heartbeat (SentinelShieldAntivirus) in 144.524ms
2026-04-09 23:57:50.465 +05:30 [Information] Microsoft.AspNetCore.Mvc.Infrastructure.ControllerActionInvoker: Executed action Antivirus.Controllers.AgentsController.Heartbeat (SentinelShieldAntivirus) in 143.5198ms
2026-04-09 23:57:50.470 +05:30 [Information] Microsoft.AspNetCore.Routing.EndpointMiddleware: Executed endpoint 'Antivirus.Controllers.AgentsController.Heartbeat (SentinelShieldAntivirus)'
2026-04-09 23:57:50.498 +05:30 [Information] Microsoft.AspNetCore.Routing.EndpointMiddleware: Executed endpoint 'Antivirus.Controllers.AgentsController.Heartbeat (SentinelShieldAntivirus)'
2026-04-09 23:57:50.501 +05:30 [Information] Antivirus.Middleware.RequestLoggingMiddleware: POST /api/agent/heartbeat responded 200 in 244 ms
2026-04-09 23:57:50.504 +05:30 [Information] Antivirus.Middleware.RequestLoggingMiddleware: POST /api/agent/heartbeat responded 200 in 241 ms
2026-04-09 23:57:50.508 +05:30 [Information] Microsoft.AspNetCore.Hosting.Diagnostics: Request finished HTTP/2 POST https://localhost:44380/api/agent/heartbeat - 200 - application/json;+charset=utf-8 284.8690ms
2026-04-09 23:57:50.512 +05:30 [Information] Microsoft.AspNetCore.Hosting.Diagnostics: Request finished HTTP/2 POST https://localhost:44380/api/agent/heartbeat - 200 - application/json;+charset=utf-8 288.7551ms
2026-04-09 23:57:50.587 +05:30 [Information] Microsoft.AspNetCore.Hosting.Diagnostics: Request starting HTTP/2 GET https://localhost:44380/api/controlplane/tenants - application/json -
2026-04-09 23:57:50.590 +05:30 [Information] Microsoft.AspNetCore.Hosting.Diagnostics: Request starting HTTP/2 GET https://localhost:44380/api/threats - application/json -
2026-04-09 23:57:50.620 +05:30 [Information] Microsoft.AspNetCore.Hosting.Diagnostics: Request starting HTTP/2 GET https://localhost:44380/api/health/status - application/json -
2026-04-09 23:57:50.594 +05:30 [Information] Microsoft.AspNetCore.Hosting.Diagnostics: Request starting HTTP/2 GET https://localhost:44380/api/fileevents - application/json -
2026-04-09 23:57:50.623 +05:30 [Information] Microsoft.AspNetCore.Hosting.Diagnostics: Request starting HTTP/2 GET https://localhost:44380/api/reports/scans/exports - application/json -
2026-04-09 23:57:50.710 +05:30 [Information] Microsoft.AspNetCore.Routing.EndpointMiddleware: Executing endpoint 'Antivirus.Controllers.ThreatsController.Get (SentinelShieldAntivirus)'
2026-04-09 23:57:50.735 +05:30 [Information] Microsoft.AspNetCore.Routing.EndpointMiddleware: Executing endpoint 'Antivirus.Controllers.HealthController.Get (SentinelShieldAntivirus)'
2026-04-09 23:57:50.793 +05:30 [Information] Microsoft.AspNetCore.Routing.EndpointMiddleware: Executing endpoint 'Antivirus.Controllers.FileEventsController.Get (SentinelShieldAntivirus)'
2026-04-09 23:57:50.653 +05:30 [Information] Microsoft.AspNetCore.Hosting.Diagnostics: Request starting HTTP/2 GET https://localhost:44380/api/engine/status - application/json -
2026-04-09 23:57:50.768 +05:30 [Information] Microsoft.AspNetCore.Routing.EndpointMiddleware: Executing endpoint 'Antivirus.Controllers.ControlPlaneController.GetTenants (SentinelShieldAntivirus)'
2026-04-09 23:57:50.796 +05:30 [Information] Microsoft.AspNetCore.Routing.EndpointMiddleware: Executing endpoint 'Antivirus.Controllers.ReportsController.GetExports (SentinelShieldAntivirus)'
2026-04-09 23:57:50.680 +05:30 [Information] Microsoft.AspNetCore.Hosting.Diagnostics: Request starting HTTP/2 GET https://localhost:44380/api/controlplane/summary - application/json -
2026-04-09 23:57:50.683 +05:30 [Information] Microsoft.AspNetCore.Hosting.Diagnostics: Request starting HTTP/2 GET https://localhost:44380/api/scans - application/json -
2026-04-09 23:57:50.802 +05:30 [Information] Microsoft.AspNetCore.Routing.EndpointMiddleware: Executing endpoint 'Antivirus.Controllers.EngineController.GetStatus (SentinelShieldAntivirus)'
2026-04-09 23:57:50.841 +05:30 [Information] Microsoft.AspNetCore.Routing.EndpointMiddleware: Executing endpoint 'Antivirus.Controllers.ControlPlaneController.GetSummary (SentinelShieldAntivirus)'
2026-04-09 23:57:50.812 +05:30 [Information] Microsoft.AspNetCore.Routing.EndpointMiddleware: Executing endpoint 'Antivirus.Controllers.ScansController.Get (SentinelShieldAntivirus)'
2026-04-09 23:57:50.877 +05:30 [Information] Microsoft.AspNetCore.Mvc.Infrastructure.ControllerActionInvoker: Route matched with {action = "Get", controller = "Health"}. Executing controller action with signature System.Threading.Tasks.Task`1[Microsoft.AspNetCore.Mvc.IActionResult] Get(System.Threading.CancellationToken) on controller Antivirus.Controllers.HealthController (SentinelShieldAntivirus).
2026-04-09 23:57:50.874 +05:30 [Information] Microsoft.AspNetCore.Mvc.Infrastructure.ControllerActionInvoker: Route matched with {action = "Get", controller = "Threats"}. Executing controller action with signature System.Threading.Tasks.Task`1[Microsoft.AspNetCore.Mvc.IActionResult] Get(System.Threading.CancellationToken) on controller Antivirus.Controllers.ThreatsController (SentinelShieldAntivirus).
2026-04-09 23:57:50.907 +05:30 [Information] Microsoft.AspNetCore.Mvc.Infrastructure.ControllerActionInvoker: Route matched with {action = "Get", controller = "FileEvents"}. Executing controller action with signature System.Threading.Tasks.Task`1[Microsoft.AspNetCore.Mvc.IActionResult] Get(System.Threading.CancellationToken) on controller Antivirus.Controllers.FileEventsController (SentinelShieldAntivirus).
2026-04-09 23:57:51.002 +05:30 [Information] Microsoft.AspNetCore.Mvc.Infrastructure.ControllerActionInvoker: Executing action method Antivirus.Controllers.ThreatsController.Get (SentinelShieldAntivirus) - Validation state: Valid
2026-04-09 23:57:51.005 +05:30 [Information] Microsoft.AspNetCore.Mvc.Infrastructure.ControllerActionInvoker: Executing action method Antivirus.Controllers.FileEventsController.Get (SentinelShieldAntivirus) - Validation state: Valid
2026-04-09 23:57:51.008 +05:30 [Information] Microsoft.AspNetCore.Mvc.Infrastructure.ControllerActionInvoker: Executing action method Antivirus.Controllers.HealthController.Get (SentinelShieldAntivirus) - Validation state: Valid
2026-04-09 23:57:51.011 +05:30 [Information] Microsoft.AspNetCore.Mvc.Infrastructure.ControllerActionInvoker: Route matched with {action = "GetTenants", controller = "ControlPlane"}. Executing controller action with signature System.Threading.Tasks.Task`1[Microsoft.AspNetCore.Mvc.ActionResult`1[System.Collections.Generic.IReadOnlyCollection`1[Antivirus.Domain.TenantSummary]]] GetTenants(System.Threading.CancellationToken) on controller Antivirus.Controllers.ControlPlaneController (SentinelShieldAntivirus).
2026-04-09 23:57:51.015 +05:30 [Information] Microsoft.AspNetCore.Mvc.Infrastructure.ControllerActionInvoker: Route matched with {action = "GetExports", controller = "Reports"}. Executing controller action with signature System.Threading.Tasks.Task`1[Microsoft.AspNetCore.Mvc.ActionResult`1[System.Collections.Generic.IReadOnlyCollection`1[Antivirus.Domain.ScanReportExport]]] GetExports(System.Threading.CancellationToken) on controller Antivirus.Controllers.ReportsController (SentinelShieldAntivirus).
2026-04-09 23:57:51.021 +05:30 [Information] Microsoft.AspNetCore.Mvc.Infrastructure.ControllerActionInvoker: Route matched with {action = "GetStatus", controller = "Engine"}. Executing controller action with signature System.Threading.Tasks.Task`1[Microsoft.AspNetCore.Mvc.IActionResult] GetStatus(System.Threading.CancellationToken) on controller Antivirus.Controllers.EngineController (SentinelShieldAntivirus).
2026-04-09 23:57:51.077 +05:30 [Information] Microsoft.AspNetCore.Mvc.Infrastructure.ControllerActionInvoker: Executing action method Antivirus.Controllers.ControlPlaneController.GetTenants (SentinelShieldAntivirus) - Validation state: Valid
2026-04-09 23:57:51.165 +05:30 [Information] Microsoft.AspNetCore.Mvc.Infrastructure.ControllerActionInvoker: Executing action method Antivirus.Controllers.EngineController.GetStatus (SentinelShieldAntivirus) - Validation state: Valid
2026-04-09 23:57:51.168 +05:30 [Information] Microsoft.AspNetCore.Mvc.Infrastructure.ControllerActionInvoker: Route matched with {action = "GetSummary", controller = "ControlPlane"}. Executing controller action with signature System.Threading.Tasks.Task`1[Microsoft.AspNetCore.Mvc.ActionResult`1[Antivirus.Domain.EnterpriseDashboardSummary]] GetSummary(System.Threading.CancellationToken) on controller Antivirus.Controllers.ControlPlaneController (SentinelShieldAntivirus).
2026-04-09 23:57:51.171 +05:30 [Information] Microsoft.AspNetCore.Mvc.Infrastructure.ControllerActionInvoker: Executing action method Antivirus.Controllers.ReportsController.GetExports (SentinelShieldAntivirus) - Validation state: Valid
2026-04-09 23:57:51.176 +05:30 [Information] Microsoft.AspNetCore.Mvc.Infrastructure.ControllerActionInvoker: Route matched with {action = "Get", controller = "Scans"}. Executing controller action with signature System.Threading.Tasks.Task`1[Microsoft.AspNetCore.Mvc.IActionResult] Get(System.Threading.CancellationToken) on controller Antivirus.Controllers.ScansController (SentinelShieldAntivirus).
2026-04-09 23:57:51.200 +05:30 [Information] Microsoft.AspNetCore.Mvc.Infrastructure.ControllerActionInvoker: Executing action method Antivirus.Controllers.ControlPlaneController.GetSummary (SentinelShieldAntivirus) - Validation state: Valid
2026-04-09 23:57:51.247 +05:30 [Information] Microsoft.AspNetCore.Mvc.Infrastructure.ControllerActionInvoker: Executed action method Antivirus.Controllers.EngineController.GetStatus (SentinelShieldAntivirus), returned result Microsoft.AspNetCore.Mvc.OkObjectResult in 49.6608ms.
2026-04-09 23:57:51.251 +05:30 [Information] Microsoft.AspNetCore.Mvc.Infrastructure.ControllerActionInvoker: Executed action method Antivirus.Controllers.ControlPlaneController.GetTenants (SentinelShieldAntivirus), returned result Microsoft.AspNetCore.Mvc.OkObjectResult in 107.7379ms.
2026-04-09 23:57:51.255 +05:30 [Information] Microsoft.AspNetCore.Mvc.Infrastructure.ControllerActionInvoker: Executing action method Antivirus.Controllers.ScansController.Get (SentinelShieldAntivirus) - Validation state: Valid
2026-04-09 23:57:51.258 +05:30 [Information] Microsoft.AspNetCore.Mvc.Infrastructure.ObjectResultExecutor: Executing OkObjectResult, writing value of type '<>f__AnonymousType0`6[[System.Boolean, System.Private.CoreLib, Version=10.0.0.0, Culture=neutral, PublicKeyToken=7cec85d7bea7798e],[System.DateTimeOffset, System.Private.CoreLib, Version=10.0.0.0, Culture=neutral, PublicKeyToken=7cec85d7bea7798e],[System.String, System.Private.CoreLib, Version=10.0.0.0, Culture=neutral, PublicKeyToken=7cec85d7bea7798e],[System.String, System.Private.CoreLib, Version=10.0.0.0, Culture=neutral, PublicKeyToken=7cec85d7bea7798e],[System.Boolean, System.Private.CoreLib, Version=10.0.0.0, Culture=neutral, PublicKeyToken=7cec85d7bea7798e],[System.String, System.Private.CoreLib, Version=10.0.0.0, Culture=neutral, PublicKeyToken=7cec85d7bea7798e]]'.
2026-04-09 23:57:51.263 +05:30 [Information] Microsoft.AspNetCore.Mvc.Infrastructure.ObjectResultExecutor: Executing OkObjectResult, writing value of type 'System.Collections.Generic.List`1[[Antivirus.Domain.TenantSummary, Antivirus.Domain, Version=1.0.0.0, Culture=neutral, PublicKeyToken=null]]'.
2026-04-09 23:57:51.270 +05:30 [Information] Microsoft.AspNetCore.Mvc.Infrastructure.ControllerActionInvoker: Executed action method Antivirus.Controllers.ReportsController.GetExports (SentinelShieldAntivirus), returned result Microsoft.AspNetCore.Mvc.OkObjectResult in 90.9283ms.
2026-04-09 23:57:51.275 +05:30 [Information] Microsoft.AspNetCore.Mvc.Infrastructure.ObjectResultExecutor: Executing OkObjectResult, writing value of type 'System.Collections.Generic.List`1[[Antivirus.Domain.ScanReportExport, Antivirus.Domain, Version=1.0.0.0, Culture=neutral, PublicKeyToken=null]]'.
2026-04-09 23:57:51.326 +05:30 [Information] Microsoft.AspNetCore.Mvc.Infrastructure.ControllerActionInvoker: Executed action Antivirus.Controllers.ControlPlaneController.GetTenants (SentinelShieldAntivirus) in 305.2635ms
2026-04-09 23:57:51.329 +05:30 [Information] Microsoft.AspNetCore.Mvc.Infrastructure.ControllerActionInvoker: Executed action Antivirus.Controllers.EngineController.GetStatus (SentinelShieldAntivirus) in 302.9614ms
2026-04-09 23:57:51.377 +05:30 [Information] Microsoft.AspNetCore.Mvc.Infrastructure.ControllerActionInvoker: Executed action method Antivirus.Controllers.HealthController.Get (SentinelShieldAntivirus), returned result Microsoft.AspNetCore.Mvc.OkObjectResult in 313.674ms.
2026-04-09 23:57:51.411 +05:30 [Information] Microsoft.AspNetCore.Routing.EndpointMiddleware: Executed endpoint 'Antivirus.Controllers.ControlPlaneController.GetTenants (SentinelShieldAntivirus)'
2026-04-09 23:57:51.420 +05:30 [Information] Microsoft.AspNetCore.Hosting.Diagnostics: Request starting HTTP/2 GET https://localhost:44380/api/engine/status - application/json -
2026-04-09 23:57:51.423 +05:30 [Information] Microsoft.AspNetCore.Mvc.Infrastructure.ObjectResultExecutor: Executing OkObjectResult, writing value of type 'Antivirus.Domain.DeviceHealthSnapshot'.
2026-04-09 23:57:51.417 +05:30 [Information] Microsoft.AspNetCore.Hosting.Diagnostics: Request starting HTTP/2 GET https://localhost:44380/api/controlplane/tenants - application/json -
2026-04-09 23:57:51.464 +05:30 [Information] Microsoft.AspNetCore.Routing.EndpointMiddleware: Executing endpoint 'Antivirus.Controllers.EngineController.GetStatus (SentinelShieldAntivirus)'
2026-04-09 23:57:51.426 +05:30 [Information] Antivirus.Middleware.RequestLoggingMiddleware: GET /api/controlplane/tenants responded 200 in 739 ms
2026-04-09 23:57:51.500 +05:30 [Information] Microsoft.AspNetCore.Mvc.Infrastructure.ControllerActionInvoker: Route matched with {action = "GetStatus", controller = "Engine"}. Executing controller action with signature System.Threading.Tasks.Task`1[Microsoft.AspNetCore.Mvc.IActionResult] GetStatus(System.Threading.CancellationToken) on controller Antivirus.Controllers.EngineController (SentinelShieldAntivirus).
2026-04-09 23:57:51.496 +05:30 [Information] Microsoft.AspNetCore.Routing.EndpointMiddleware: Executing endpoint 'Antivirus.Controllers.ControlPlaneController.GetTenants (SentinelShieldAntivirus)'
2026-04-09 23:57:51.414 +05:30 [Information] Microsoft.AspNetCore.Routing.EndpointMiddleware: Executed endpoint 'Antivirus.Controllers.EngineController.GetStatus (SentinelShieldAntivirus)'
2026-04-09 23:57:51.551 +05:30 [Information] Microsoft.AspNetCore.Mvc.Infrastructure.ControllerActionInvoker: Route matched with {action = "GetTenants", controller = "ControlPlane"}. Executing controller action with signature System.Threading.Tasks.Task`1[Microsoft.AspNetCore.Mvc.ActionResult`1[System.Collections.Generic.IReadOnlyCollection`1[Antivirus.Domain.TenantSummary]]] GetTenants(System.Threading.CancellationToken) on controller Antivirus.Controllers.ControlPlaneController (SentinelShieldAntivirus).
2026-04-09 23:57:51.555 +05:30 [Information] Microsoft.AspNetCore.Mvc.Infrastructure.ControllerActionInvoker: Executing action method Antivirus.Controllers.EngineController.GetStatus (SentinelShieldAntivirus) - Validation state: Valid
2026-04-09 23:57:51.509 +05:30 [Information] Microsoft.AspNetCore.Hosting.Diagnostics: Request finished HTTP/2 GET https://localhost:44380/api/controlplane/tenants - 200 - application/json;+charset=utf-8 991.7761ms
2026-04-09 23:57:51.585 +05:30 [Information] Antivirus.Middleware.RequestLoggingMiddleware: GET /api/engine/status responded 200 in 754 ms
2026-04-09 23:57:51.460 +05:30 [Information] Microsoft.AspNetCore.Mvc.Infrastructure.ControllerActionInvoker: Executed action method Antivirus.Controllers.ScansController.Get (SentinelShieldAntivirus), returned result Microsoft.AspNetCore.Mvc.OkObjectResult in 153.2178ms.
2026-04-09 23:57:51.618 +05:30 [Information] Microsoft.AspNetCore.Mvc.Infrastructure.ControllerActionInvoker: Executed action method Antivirus.Controllers.EngineController.GetStatus (SentinelShieldAntivirus), returned result Microsoft.AspNetCore.Mvc.OkObjectResult in 0.3263ms.
2026-04-09 23:57:51.668 +05:30 [Information] Microsoft.AspNetCore.Mvc.Infrastructure.ControllerActionInvoker: Executing action method Antivirus.Controllers.ControlPlaneController.GetTenants (SentinelShieldAntivirus) - Validation state: Valid
2026-04-09 23:57:51.623 +05:30 [Information] Microsoft.AspNetCore.Hosting.Diagnostics: Request finished HTTP/2 GET https://localhost:44380/api/engine/status - 200 - application/json;+charset=utf-8 1064.7150ms
2026-04-09 23:57:51.702 +05:30 [Information] Microsoft.AspNetCore.Mvc.Infrastructure.ObjectResultExecutor: Executing OkObjectResult, writing value of type '<>f__AnonymousType0`6[[System.Boolean, System.Private.CoreLib, Version=10.0.0.0, Culture=neutral, PublicKeyToken=7cec85d7bea7798e],[System.DateTimeOffset, System.Private.CoreLib, Version=10.0.0.0, Culture=neutral, PublicKeyToken=7cec85d7bea7798e],[System.String, System.Private.CoreLib, Version=10.0.0.0, Culture=neutral, PublicKeyToken=7cec85d7bea7798e],[System.String, System.Private.CoreLib, Version=10.0.0.0, Culture=neutral, PublicKeyToken=7cec85d7bea7798e],[System.Boolean, System.Private.CoreLib, Version=10.0.0.0, Culture=neutral, PublicKeyToken=7cec85d7bea7798e],[System.String, System.Private.CoreLib, Version=10.0.0.0, Culture=neutral, PublicKeyToken=7cec85d7bea7798e]]'.
2026-04-09 23:57:51.706 +05:30 [Information] Microsoft.AspNetCore.Mvc.Infrastructure.ControllerActionInvoker: Executed action Antivirus.Controllers.HealthController.Get (SentinelShieldAntivirus) in 794.3744ms
2026-04-09 23:57:51.700 +05:30 [Information] Microsoft.AspNetCore.Mvc.Infrastructure.ObjectResultExecutor: Executing OkObjectResult, writing value of type 'System.Collections.Generic.List`1[[Antivirus.Domain.ScanJob, Antivirus.Domain, Version=1.0.0.0, Culture=neutral, PublicKeyToken=null]]'.
2026-04-09 23:57:51.749 +05:30 [Information] Microsoft.AspNetCore.Mvc.Infrastructure.ControllerActionInvoker: Executed action Antivirus.Controllers.EngineController.GetStatus (SentinelShieldAntivirus) in 208.1333ms
2026-04-09 23:57:51.774 +05:30 [Information] Microsoft.AspNetCore.Routing.EndpointMiddleware: Executed endpoint 'Antivirus.Controllers.HealthController.Get (SentinelShieldAntivirus)'
2026-04-09 23:57:51.806 +05:30 [Information] Microsoft.AspNetCore.Mvc.Infrastructure.ControllerActionInvoker: Executed action Antivirus.Controllers.ReportsController.GetExports (SentinelShieldAntivirus) in 753.8223ms
2026-04-09 23:57:51.809 +05:30 [Information] Microsoft.AspNetCore.Routing.EndpointMiddleware: Executed endpoint 'Antivirus.Controllers.EngineController.GetStatus (SentinelShieldAntivirus)'
2026-04-09 23:57:51.811 +05:30 [Information] Antivirus.Middleware.RequestLoggingMiddleware: GET /api/health/status responded 200 in 1125 ms
2026-04-09 23:57:51.814 +05:30 [Information] Microsoft.AspNetCore.Hosting.Diagnostics: Request starting HTTP/2 GET https://localhost:44380/api/reports/scans/exports - application/json -
2026-04-09 23:57:51.819 +05:30 [Information] Antivirus.Middleware.RequestLoggingMiddleware: GET /api/engine/status responded 200 in 355 ms
2026-04-09 23:57:51.817 +05:30 [Information] Microsoft.AspNetCore.Routing.EndpointMiddleware: Executed endpoint 'Antivirus.Controllers.ReportsController.GetExports (SentinelShieldAntivirus)'
2026-04-09 23:57:51.829 +05:30 [Information] Microsoft.AspNetCore.Hosting.Diagnostics: Request finished HTTP/2 GET https://localhost:44380/api/engine/status - 200 - application/json;+charset=utf-8 414.8002ms
2026-04-09 23:57:51.823 +05:30 [Information] Microsoft.AspNetCore.Hosting.Diagnostics: Request finished HTTP/2 GET https://localhost:44380/api/health/status - 200 - application/json;+charset=utf-8 1233.0252ms
2026-04-09 23:57:51.832 +05:30 [Information] Microsoft.AspNetCore.Routing.EndpointMiddleware: Executing endpoint 'Antivirus.Controllers.ReportsController.GetExports (SentinelShieldAntivirus)'
2026-04-09 23:57:51.710 +05:30 [Information] Microsoft.AspNetCore.Hosting.Diagnostics: Request starting HTTP/2 GET https://localhost:44380/api/health/status - application/json -
2026-04-09 23:57:51.855 +05:30 [Information] Antivirus.Middleware.RequestLoggingMiddleware: GET /api/reports/scans/exports responded 200 in 1039 ms
2026-04-09 23:57:51.864 +05:30 [Information] Microsoft.AspNetCore.Mvc.Infrastructure.ControllerActionInvoker: Route matched with {action = "GetExports", controller = "Reports"}. Executing controller action with signature System.Threading.Tasks.Task`1[Microsoft.AspNetCore.Mvc.ActionResult`1[System.Collections.Generic.IReadOnlyCollection`1[Antivirus.Domain.ScanReportExport]]] GetExports(System.Threading.CancellationToken) on controller Antivirus.Controllers.ReportsController (SentinelShieldAntivirus).
2026-04-09 23:57:51.865 +05:30 [Information] Microsoft.AspNetCore.Mvc.Infrastructure.ControllerActionInvoker: Executed action method Antivirus.Controllers.FileEventsController.Get (SentinelShieldAntivirus), returned result Microsoft.AspNetCore.Mvc.OkObjectResult in 846.6973ms.
2026-04-09 23:57:51.872 +05:30 [Information] Microsoft.AspNetCore.Hosting.Diagnostics: Request finished HTTP/2 GET https://localhost:44380/api/reports/scans/exports - 200 - application/json;+charset=utf-8 1281.3337ms
2026-04-09 23:57:51.896 +05:30 [Information] Microsoft.AspNetCore.Mvc.Infrastructure.ControllerActionInvoker: Executing action method Antivirus.Controllers.ReportsController.GetExports (SentinelShieldAntivirus) - Validation state: Valid
2026-04-09 23:57:51.868 +05:30 [Information] Microsoft.AspNetCore.Routing.EndpointMiddleware: Executing endpoint 'Antivirus.Controllers.HealthController.Get (SentinelShieldAntivirus)'
2026-04-09 23:57:51.714 +05:30 [Information] Microsoft.AspNetCore.Mvc.Infrastructure.ControllerActionInvoker: Executed action method Antivirus.Controllers.ControlPlaneController.GetTenants (SentinelShieldAntivirus), returned result Microsoft.AspNetCore.Mvc.OkObjectResult in 7.5442ms.
2026-04-09 23:57:51.900 +05:30 [Information] Microsoft.AspNetCore.Mvc.Infrastructure.ObjectResultExecutor: Executing OkObjectResult, writing value of type 'Antivirus.Domain.FileSecurityEvent[]'.
2026-04-09 23:57:51.908 +05:30 [Information] Microsoft.AspNetCore.Mvc.Infrastructure.ControllerActionInvoker: Executed action method Antivirus.Controllers.ReportsController.GetExports (SentinelShieldAntivirus), returned result Microsoft.AspNetCore.Mvc.OkObjectResult in 4.6383ms.
2026-04-09 23:57:51.905 +05:30 [Information] Microsoft.AspNetCore.Mvc.Infrastructure.ControllerActionInvoker: Route matched with {action = "Get", controller = "Health"}. Executing controller action with signature System.Threading.Tasks.Task`1[Microsoft.AspNetCore.Mvc.IActionResult] Get(System.Threading.CancellationToken) on controller Antivirus.Controllers.HealthController (SentinelShieldAntivirus).
2026-04-09 23:57:51.944 +05:30 [Information] Microsoft.AspNetCore.Mvc.Infrastructure.ObjectResultExecutor: Executing OkObjectResult, writing value of type 'System.Collections.Generic.List`1[[Antivirus.Domain.TenantSummary, Antivirus.Domain, Version=1.0.0.0, Culture=neutral, PublicKeyToken=null]]'.
2026-04-09 23:57:51.948 +05:30 [Information] Microsoft.AspNetCore.Mvc.Infrastructure.ObjectResultExecutor: Executing OkObjectResult, writing value of type 'System.Collections.Generic.List`1[[Antivirus.Domain.ScanReportExport, Antivirus.Domain, Version=1.0.0.0, Culture=neutral, PublicKeyToken=null]]'.
2026-04-09 23:57:52.002 +05:30 [Information] Microsoft.AspNetCore.Mvc.Infrastructure.ControllerActionInvoker: Executing action method Antivirus.Controllers.HealthController.Get (SentinelShieldAntivirus) - Validation state: Valid
2026-04-09 23:57:52.008 +05:30 [Information] Microsoft.AspNetCore.Mvc.Infrastructure.ControllerActionInvoker: Executed action Antivirus.Controllers.ControlPlaneController.GetTenants (SentinelShieldAntivirus) in 416.81ms
2026-04-09 23:57:52.012 +05:30 [Information] Microsoft.AspNetCore.Mvc.Infrastructure.ControllerActionInvoker: Executed action Antivirus.Controllers.ReportsController.GetExports (SentinelShieldAntivirus) in 136.6971ms
2026-04-09 23:57:52.033 +05:30 [Information] Microsoft.AspNetCore.Routing.EndpointMiddleware: Executed endpoint 'Antivirus.Controllers.ControlPlaneController.GetTenants (SentinelShieldAntivirus)'
2026-04-09 23:57:52.037 +05:30 [Information] Microsoft.AspNetCore.Routing.EndpointMiddleware: Executed endpoint 'Antivirus.Controllers.ReportsController.GetExports (SentinelShieldAntivirus)'
2026-04-09 23:57:52.040 +05:30 [Information] Microsoft.AspNetCore.Mvc.Infrastructure.ControllerActionInvoker: Executed action method Antivirus.Controllers.HealthController.Get (SentinelShieldAntivirus), returned result Microsoft.AspNetCore.Mvc.OkObjectResult in 28.472ms.
2026-04-09 23:57:52.043 +05:30 [Information] Antivirus.Middleware.RequestLoggingMiddleware: GET /api/controlplane/tenants responded 200 in 567 ms
2026-04-09 23:57:52.069 +05:30 [Information] Antivirus.Middleware.RequestLoggingMiddleware: GET /api/reports/scans/exports responded 200 in 217 ms
2026-04-09 23:57:52.073 +05:30 [Information] Microsoft.AspNetCore.Mvc.Infrastructure.ObjectResultExecutor: Executing OkObjectResult, writing value of type 'Antivirus.Domain.DeviceHealthSnapshot'.
2026-04-09 23:57:52.076 +05:30 [Information] Microsoft.AspNetCore.Hosting.Diagnostics: Request finished HTTP/2 GET https://localhost:44380/api/controlplane/tenants - 200 - application/json;+charset=utf-8 661.7039ms
2026-04-09 23:57:52.108 +05:30 [Information] Microsoft.AspNetCore.Hosting.Diagnostics: Request finished HTTP/2 GET https://localhost:44380/api/reports/scans/exports - 200 - application/json;+charset=utf-8 267.6614ms
2026-04-09 23:57:52.113 +05:30 [Information] Microsoft.AspNetCore.Mvc.Infrastructure.ControllerActionInvoker: Executed action Antivirus.Controllers.HealthController.Get (SentinelShieldAntivirus) in 160.6469ms
2026-04-09 23:57:52.117 +05:30 [Information] Microsoft.AspNetCore.Routing.EndpointMiddleware: Executed endpoint 'Antivirus.Controllers.HealthController.Get (SentinelShieldAntivirus)'
2026-04-09 23:57:52.121 +05:30 [Information] Antivirus.Middleware.RequestLoggingMiddleware: GET /api/health/status responded 200 in 253 ms
2026-04-09 23:57:52.154 +05:30 [Information] Microsoft.AspNetCore.Hosting.Diagnostics: Request finished HTTP/2 GET https://localhost:44380/api/health/status - 200 - application/json;+charset=utf-8 416.4322ms
2026-04-09 23:57:52.208 +05:30 [Information] Microsoft.AspNetCore.Mvc.Infrastructure.ControllerActionInvoker: Executed action Antivirus.Controllers.ScansController.Get (SentinelShieldAntivirus) in 978.8182ms
2026-04-09 23:57:52.233 +05:30 [Information] Microsoft.AspNetCore.Hosting.Diagnostics: Request starting HTTP/2 GET https://localhost:44380/api/scans - application/json -
2026-04-09 23:57:52.266 +05:30 [Information] Microsoft.AspNetCore.Routing.EndpointMiddleware: Executed endpoint 'Antivirus.Controllers.ScansController.Get (SentinelShieldAntivirus)'
2026-04-09 23:57:52.270 +05:30 [Information] Microsoft.AspNetCore.Routing.EndpointMiddleware: Executing endpoint 'Antivirus.Controllers.ScansController.Get (SentinelShieldAntivirus)'
2026-04-09 23:57:52.274 +05:30 [Information] Antivirus.Middleware.RequestLoggingMiddleware: GET /api/scans responded 200 in 1463 ms
2026-04-09 23:57:52.277 +05:30 [Information] Microsoft.AspNetCore.Mvc.Infrastructure.ControllerActionInvoker: Route matched with {action = "Get", controller = "Scans"}. Executing controller action with signature System.Threading.Tasks.Task`1[Microsoft.AspNetCore.Mvc.IActionResult] Get(System.Threading.CancellationToken) on controller Antivirus.Controllers.ScansController (SentinelShieldAntivirus).
2026-04-09 23:57:52.281 +05:30 [Information] Microsoft.AspNetCore.Hosting.Diagnostics: Request finished HTTP/2 GET https://localhost:44380/api/scans - 200 - application/json;+charset=utf-8 1722.8917ms
2026-04-09 23:57:52.306 +05:30 [Information] Microsoft.AspNetCore.Mvc.Infrastructure.ControllerActionInvoker: Executing action method Antivirus.Controllers.ScansController.Get (SentinelShieldAntivirus) - Validation state: Valid
2026-04-09 23:57:52.312 +05:30 [Information] Microsoft.AspNetCore.Mvc.Infrastructure.ControllerActionInvoker: Executed action method Antivirus.Controllers.ScansController.Get (SentinelShieldAntivirus), returned result Microsoft.AspNetCore.Mvc.OkObjectResult in 1.7765ms.
2026-04-09 23:57:52.317 +05:30 [Information] Microsoft.AspNetCore.Mvc.Infrastructure.ObjectResultExecutor: Executing OkObjectResult, writing value of type 'System.Collections.Generic.List`1[[Antivirus.Domain.ScanJob, Antivirus.Domain, Version=1.0.0.0, Culture=neutral, PublicKeyToken=null]]'.
2026-04-09 23:57:52.356 +05:30 [Information] Microsoft.AspNetCore.Mvc.Infrastructure.ControllerActionInvoker: Executed action Antivirus.Controllers.ScansController.Get (SentinelShieldAntivirus) in 38.0249ms
2026-04-09 23:57:52.361 +05:30 [Information] Microsoft.AspNetCore.Routing.EndpointMiddleware: Executed endpoint 'Antivirus.Controllers.ScansController.Get (SentinelShieldAntivirus)'
2026-04-09 23:57:52.389 +05:30 [Information] Antivirus.Middleware.RequestLoggingMiddleware: GET /api/scans responded 200 in 96 ms
2026-04-09 23:57:52.394 +05:30 [Information] Microsoft.AspNetCore.Hosting.Diagnostics: Request finished HTTP/2 GET https://localhost:44380/api/scans - 200 - application/json;+charset=utf-8 182.8680ms
2026-04-09 23:57:52.488 +05:30 [Information] Microsoft.AspNetCore.Mvc.Infrastructure.ControllerActionInvoker: Executed action Antivirus.Controllers.FileEventsController.Get (SentinelShieldAntivirus) in 1548.3651ms
2026-04-09 23:57:52.492 +05:30 [Information] Microsoft.AspNetCore.Hosting.Diagnostics: Request starting HTTP/2 GET https://localhost:44380/api/fileevents - application/json -
2026-04-09 23:57:52.514 +05:30 [Information] Microsoft.AspNetCore.Routing.EndpointMiddleware: Executed endpoint 'Antivirus.Controllers.FileEventsController.Get (SentinelShieldAntivirus)'
2026-04-09 23:57:52.547 +05:30 [Information] Microsoft.AspNetCore.Routing.EndpointMiddleware: Executing endpoint 'Antivirus.Controllers.FileEventsController.Get (SentinelShieldAntivirus)'
2026-04-09 23:57:52.579 +05:30 [Information] Antivirus.Middleware.RequestLoggingMiddleware: GET /api/fileevents responded 200 in 1779 ms
2026-04-09 23:57:52.583 +05:30 [Information] Microsoft.AspNetCore.Mvc.Infrastructure.ControllerActionInvoker: Route matched with {action = "Get", controller = "FileEvents"}. Executing controller action with signature System.Threading.Tasks.Task`1[Microsoft.AspNetCore.Mvc.IActionResult] Get(System.Threading.CancellationToken) on controller Antivirus.Controllers.FileEventsController (SentinelShieldAntivirus).
2026-04-09 23:57:52.613 +05:30 [Information] Microsoft.AspNetCore.Hosting.Diagnostics: Request finished HTTP/2 GET https://localhost:44380/api/fileevents - 200 - application/json;+charset=utf-8 1996.9972ms
2026-04-09 23:57:52.687 +05:30 [Information] Microsoft.AspNetCore.Mvc.Infrastructure.ControllerActionInvoker: Executing action method Antivirus.Controllers.FileEventsController.Get (SentinelShieldAntivirus) - Validation state: Valid
2026-04-09 23:57:52.800 +05:30 [Information] Microsoft.AspNetCore.Mvc.Infrastructure.ControllerActionInvoker: Executed action method Antivirus.Controllers.ControlPlaneController.GetSummary (SentinelShieldAntivirus), returned result Microsoft.AspNetCore.Mvc.OkObjectResult in 1594.208ms.
2026-04-09 23:57:52.805 +05:30 [Information] Microsoft.AspNetCore.Mvc.Infrastructure.ObjectResultExecutor: Executing OkObjectResult, writing value of type 'Antivirus.Domain.EnterpriseDashboardSummary'.
2026-04-09 23:57:52.891 +05:30 [Information] Microsoft.AspNetCore.Mvc.Infrastructure.ControllerActionInvoker: Executed action method Antivirus.Controllers.FileEventsController.Get (SentinelShieldAntivirus), returned result Microsoft.AspNetCore.Mvc.OkObjectResult in 199.3027ms.
2026-04-09 23:57:52.914 +05:30 [Information] Microsoft.AspNetCore.Mvc.Infrastructure.ObjectResultExecutor: Executing OkObjectResult, writing value of type 'Antivirus.Domain.FileSecurityEvent[]'.
2026-04-09 23:57:52.919 +05:30 [Information] Microsoft.AspNetCore.Mvc.Infrastructure.ControllerActionInvoker: Executed action Antivirus.Controllers.FileEventsController.Get (SentinelShieldAntivirus) in 302.97ms
2026-04-09 23:57:52.924 +05:30 [Information] Microsoft.AspNetCore.Routing.EndpointMiddleware: Executed endpoint 'Antivirus.Controllers.FileEventsController.Get (SentinelShieldAntivirus)'
2026-04-09 23:57:52.929 +05:30 [Information] Antivirus.Middleware.RequestLoggingMiddleware: GET /api/fileevents responded 200 in 410 ms
2026-04-09 23:57:52.934 +05:30 [Information] Microsoft.AspNetCore.Hosting.Diagnostics: Request finished HTTP/2 GET https://localhost:44380/api/fileevents - 200 - application/json;+charset=utf-8 441.9785ms
2026-04-09 23:57:52.986 +05:30 [Information] Microsoft.AspNetCore.Hosting.Diagnostics: Request starting HTTP/2 GET https://localhost:44380/api/controlplane/summary - application/json -
2026-04-09 23:57:52.991 +05:30 [Information] Microsoft.AspNetCore.Routing.EndpointMiddleware: Executing endpoint 'Antivirus.Controllers.ControlPlaneController.GetSummary (SentinelShieldAntivirus)'
2026-04-09 23:57:52.996 +05:30 [Information] Microsoft.AspNetCore.Mvc.Infrastructure.ControllerActionInvoker: Route matched with {action = "GetSummary", controller = "ControlPlane"}. Executing controller action with signature System.Threading.Tasks.Task`1[Microsoft.AspNetCore.Mvc.ActionResult`1[Antivirus.Domain.EnterpriseDashboardSummary]] GetSummary(System.Threading.CancellationToken) on controller Antivirus.Controllers.ControlPlaneController (SentinelShieldAntivirus).
2026-04-09 23:57:53.048 +05:30 [Information] Microsoft.AspNetCore.Mvc.Infrastructure.ControllerActionInvoker: Executed action Antivirus.Controllers.ControlPlaneController.GetSummary (SentinelShieldAntivirus) in 1825.8947ms
2026-04-09 23:57:53.051 +05:30 [Information] Microsoft.AspNetCore.Mvc.Infrastructure.ControllerActionInvoker: Executing action method Antivirus.Controllers.ControlPlaneController.GetSummary (SentinelShieldAntivirus) - Validation state: Valid
2026-04-09 23:57:53.055 +05:30 [Information] Microsoft.AspNetCore.Routing.EndpointMiddleware: Executed endpoint 'Antivirus.Controllers.ControlPlaneController.GetSummary (SentinelShieldAntivirus)'
2026-04-09 23:57:53.059 +05:30 [Information] Antivirus.Middleware.RequestLoggingMiddleware: GET /api/controlplane/summary responded 200 in 2249 ms
2026-04-09 23:57:53.064 +05:30 [Information] Microsoft.AspNetCore.Hosting.Diagnostics: Request finished HTTP/2 GET https://localhost:44380/api/controlplane/summary - 200 - application/json;+charset=utf-8 2505.9713ms
2026-04-09 23:57:53.272 +05:30 [Information] Microsoft.AspNetCore.Mvc.Infrastructure.ControllerActionInvoker: Executed action method Antivirus.Controllers.ThreatsController.Get (SentinelShieldAntivirus), returned result Microsoft.AspNetCore.Mvc.OkObjectResult in 2239.7255ms.
2026-04-09 23:57:53.304 +05:30 [Information] Microsoft.AspNetCore.Mvc.Infrastructure.ObjectResultExecutor: Executing OkObjectResult, writing value of type 'System.Collections.Generic.List`1[[Antivirus.Domain.ThreatDetection, Antivirus.Domain, Version=1.0.0.0, Culture=neutral, PublicKeyToken=null]]'.
2026-04-09 23:57:53.354 +05:30 [Information] Microsoft.AspNetCore.Hosting.Diagnostics: Request starting HTTP/2 GET https://localhost:44380/api/threats - application/json -
2026-04-09 23:57:53.359 +05:30 [Information] Microsoft.AspNetCore.Routing.EndpointMiddleware: Executing endpoint 'Antivirus.Controllers.ThreatsController.Get (SentinelShieldAntivirus)'
2026-04-09 23:57:53.394 +05:30 [Information] Microsoft.AspNetCore.Mvc.Infrastructure.ControllerActionInvoker: Route matched with {action = "Get", controller = "Threats"}. Executing controller action with signature System.Threading.Tasks.Task`1[Microsoft.AspNetCore.Mvc.IActionResult] Get(System.Threading.CancellationToken) on controller Antivirus.Controllers.ThreatsController (SentinelShieldAntivirus).
2026-04-09 23:57:53.429 +05:30 [Information] Microsoft.AspNetCore.Mvc.Infrastructure.ControllerActionInvoker: Executing action method Antivirus.Controllers.ThreatsController.Get (SentinelShieldAntivirus) - Validation state: Valid
2026-04-09 23:57:53.487 +05:30 [Information] Microsoft.AspNetCore.Mvc.Infrastructure.ControllerActionInvoker: Executed action method Antivirus.Controllers.ControlPlaneController.GetSummary (SentinelShieldAntivirus), returned result Microsoft.AspNetCore.Mvc.OkObjectResult in 428.4258ms.
2026-04-09 23:57:53.525 +05:30 [Information] Microsoft.AspNetCore.Mvc.Infrastructure.ObjectResultExecutor: Executing OkObjectResult, writing value of type 'Antivirus.Domain.EnterpriseDashboardSummary'.
2026-04-09 23:57:53.531 +05:30 [Information] Microsoft.AspNetCore.Mvc.Infrastructure.ControllerActionInvoker: Executed action Antivirus.Controllers.ControlPlaneController.GetSummary (SentinelShieldAntivirus) in 530.219ms
2026-04-09 23:57:53.536 +05:30 [Information] Microsoft.AspNetCore.Routing.EndpointMiddleware: Executed endpoint 'Antivirus.Controllers.ControlPlaneController.GetSummary (SentinelShieldAntivirus)'
2026-04-09 23:57:53.542 +05:30 [Information] Antivirus.Middleware.RequestLoggingMiddleware: GET /api/controlplane/summary responded 200 in 550 ms
2026-04-09 23:57:53.581 +05:30 [Information] Microsoft.AspNetCore.Hosting.Diagnostics: Request finished HTTP/2 GET https://localhost:44380/api/controlplane/summary - 200 - application/json;+charset=utf-8 560.6106ms
2026-04-09 23:57:53.683 +05:30 [Information] Microsoft.AspNetCore.Mvc.Infrastructure.ControllerActionInvoker: Executed action Antivirus.Controllers.ThreatsController.Get (SentinelShieldAntivirus) in 2769.6542ms
2026-04-09 23:57:53.688 +05:30 [Information] Microsoft.AspNetCore.Routing.EndpointMiddleware: Executed endpoint 'Antivirus.Controllers.ThreatsController.Get (SentinelShieldAntivirus)'
2026-04-09 23:57:53.712 +05:30 [Information] Antivirus.Middleware.RequestLoggingMiddleware: GET /api/threats responded 200 in 3005 ms
2026-04-09 23:57:53.717 +05:30 [Information] Microsoft.AspNetCore.Hosting.Diagnostics: Request finished HTTP/2 GET https://localhost:44380/api/threats - 200 - application/json;+charset=utf-8 3158.4054ms
2026-04-09 23:57:53.789 +05:30 [Information] Microsoft.AspNetCore.Hosting.Diagnostics: Request starting HTTP/2 GET https://localhost:44380/api/scans/32/progress - application/json -
2026-04-09 23:57:53.795 +05:30 [Information] Microsoft.AspNetCore.Routing.EndpointMiddleware: Executing endpoint 'Antivirus.Controllers.ScansController.GetProgress (SentinelShieldAntivirus)'
2026-04-09 23:57:53.811 +05:30 [Information] Microsoft.AspNetCore.Mvc.Infrastructure.ControllerActionInvoker: Route matched with {action = "GetProgress", controller = "Scans"}. Executing controller action with signature System.Threading.Tasks.Task`1[Microsoft.AspNetCore.Mvc.IActionResult] GetProgress(Int32, System.Threading.CancellationToken) on controller Antivirus.Controllers.ScansController (SentinelShieldAntivirus).
2026-04-09 23:57:53.840 +05:30 [Information] Microsoft.AspNetCore.Mvc.Infrastructure.ControllerActionInvoker: Executing action method Antivirus.Controllers.ScansController.GetProgress (SentinelShieldAntivirus) - Validation state: Valid
2026-04-09 23:57:54.160 +05:30 [Information] Microsoft.AspNetCore.Mvc.Infrastructure.ControllerActionInvoker: Executed action method Antivirus.Controllers.ScansController.GetProgress (SentinelShieldAntivirus), returned result Microsoft.AspNetCore.Mvc.OkObjectResult in 313.5737ms.
2026-04-09 23:57:54.164 +05:30 [Information] Microsoft.AspNetCore.Mvc.Infrastructure.ObjectResultExecutor: Executing OkObjectResult, writing value of type 'System.Collections.Generic.List`1[[Antivirus.Domain.ScanProgressEvent, Antivirus.Domain, Version=1.0.0.0, Culture=neutral, PublicKeyToken=null]]'.
2026-04-09 23:57:54.177 +05:30 [Information] Microsoft.AspNetCore.Mvc.Infrastructure.ControllerActionInvoker: Executed action Antivirus.Controllers.ScansController.GetProgress (SentinelShieldAntivirus) in 360.8682ms
2026-04-09 23:57:54.181 +05:30 [Information] Microsoft.AspNetCore.Routing.EndpointMiddleware: Executed endpoint 'Antivirus.Controllers.ScansController.GetProgress (SentinelShieldAntivirus)'
2026-04-09 23:57:54.186 +05:30 [Information] Antivirus.Middleware.RequestLoggingMiddleware: GET /api/scans/32/progress responded 200 in 391 ms
2026-04-09 23:57:54.192 +05:30 [Information] Microsoft.AspNetCore.Hosting.Diagnostics: Request finished HTTP/2 GET https://localhost:44380/api/scans/32/progress - 200 - application/json;+charset=utf-8 401.8798ms
2026-04-09 23:57:54.229 +05:30 [Information] Microsoft.AspNetCore.Mvc.Infrastructure.ControllerActionInvoker: Executed action method Antivirus.Controllers.ThreatsController.Get (SentinelShieldAntivirus), returned result Microsoft.AspNetCore.Mvc.OkObjectResult in 795.8115ms.
2026-04-09 23:57:54.235 +05:30 [Information] Microsoft.AspNetCore.Mvc.Infrastructure.ObjectResultExecutor: Executing OkObjectResult, writing value of type 'System.Collections.Generic.List`1[[Antivirus.Domain.ThreatDetection, Antivirus.Domain, Version=1.0.0.0, Culture=neutral, PublicKeyToken=null]]'.
2026-04-09 23:57:54.452 +05:30 [Information] Microsoft.AspNetCore.Mvc.Infrastructure.ControllerActionInvoker: Executed action Antivirus.Controllers.ThreatsController.Get (SentinelShieldAntivirus) in 1052.4327ms
2026-04-09 23:57:54.458 +05:30 [Information] Microsoft.AspNetCore.Routing.EndpointMiddleware: Executed endpoint 'Antivirus.Controllers.ThreatsController.Get (SentinelShieldAntivirus)'
2026-04-09 23:57:54.464 +05:30 [Information] Antivirus.Middleware.RequestLoggingMiddleware: GET /api/threats responded 200 in 1104 ms
2026-04-09 23:57:54.470 +05:30 [Information] Microsoft.AspNetCore.Hosting.Diagnostics: Request finished HTTP/2 GET https://localhost:44380/api/threats - 200 - application/json;+charset=utf-8 1148.9069ms
2026-04-09 23:57:54.617 +05:30 [Information] Microsoft.AspNetCore.Hosting.Diagnostics: Request starting HTTP/2 GET https://localhost:44380/api/scans/32/progress - application/json -
2026-04-09 23:57:54.625 +05:30 [Information] Microsoft.AspNetCore.Routing.EndpointMiddleware: Executing endpoint 'Antivirus.Controllers.ScansController.GetProgress (SentinelShieldAntivirus)'
2026-04-09 23:57:54.654 +05:30 [Information] Microsoft.AspNetCore.Mvc.Infrastructure.ControllerActionInvoker: Route matched with {action = "GetProgress", controller = "Scans"}. Executing controller action with signature System.Threading.Tasks.Task`1[Microsoft.AspNetCore.Mvc.IActionResult] GetProgress(Int32, System.Threading.CancellationToken) on controller Antivirus.Controllers.ScansController (SentinelShieldAntivirus).
2026-04-09 23:57:54.684 +05:30 [Information] Microsoft.AspNetCore.Mvc.Infrastructure.ControllerActionInvoker: Executing action method Antivirus.Controllers.ScansController.GetProgress (SentinelShieldAntivirus) - Validation state: Valid
2026-04-09 23:57:54.772 +05:30 [Information] Microsoft.AspNetCore.Mvc.Infrastructure.ControllerActionInvoker: Executed action method Antivirus.Controllers.ScansController.GetProgress (SentinelShieldAntivirus), returned result Microsoft.AspNetCore.Mvc.OkObjectResult in 82.2448ms.
2026-04-09 23:57:54.778 +05:30 [Information] Microsoft.AspNetCore.Mvc.Infrastructure.ObjectResultExecutor: Executing OkObjectResult, writing value of type 'System.Collections.Generic.List`1[[Antivirus.Domain.ScanProgressEvent, Antivirus.Domain, Version=1.0.0.0, Culture=neutral, PublicKeyToken=null]]'.
2026-04-09 23:57:54.784 +05:30 [Information] Microsoft.AspNetCore.Mvc.Infrastructure.ControllerActionInvoker: Executed action Antivirus.Controllers.ScansController.GetProgress (SentinelShieldAntivirus) in 125.1159ms
2026-04-09 23:57:54.789 +05:30 [Information] Microsoft.AspNetCore.Routing.EndpointMiddleware: Executed endpoint 'Antivirus.Controllers.ScansController.GetProgress (SentinelShieldAntivirus)'
2026-04-09 23:57:54.794 +05:30 [Information] Antivirus.Middleware.RequestLoggingMiddleware: GET /api/scans/32/progress responded 200 in 169 ms
2026-04-09 23:57:54.799 +05:30 [Information] Microsoft.AspNetCore.Hosting.Diagnostics: Request finished HTTP/2 GET https://localhost:44380/api/scans/32/progress - 200 - application/json;+charset=utf-8 182.7810ms
2026-04-09 23:58:04.609 +05:30 [Information] Microsoft.AspNetCore.Hosting.Diagnostics: Request starting HTTP/2 GET https://localhost:44380/api/health/status - application/json -
2026-04-09 23:58:04.607 +05:30 [Information] Microsoft.AspNetCore.Hosting.Diagnostics: Request starting HTTP/2 GET https://localhost:44380/api/fileevents - application/json -
2026-04-09 23:58:04.612 +05:30 [Information] Microsoft.AspNetCore.Hosting.Diagnostics: Request starting HTTP/2 GET https://localhost:44380/api/reports/scans/exports - application/json -
2026-04-09 23:58:04.663 +05:30 [Information] Microsoft.AspNetCore.Hosting.Diagnostics: Request starting HTTP/2 GET https://localhost:44380/api/engine/status - application/json -
2026-04-09 23:58:04.613 +05:30 [Information] Microsoft.AspNetCore.Hosting.Diagnostics: Request starting HTTP/2 GET https://localhost:44380/api/controlplane/summary - application/json -
2026-04-09 23:58:04.718 +05:30 [Information] Microsoft.AspNetCore.Routing.EndpointMiddleware: Executing endpoint 'Antivirus.Controllers.FileEventsController.Get (SentinelShieldAntivirus)'
2026-04-09 23:58:04.779 +05:30 [Information] Microsoft.AspNetCore.Routing.EndpointMiddleware: Executing endpoint 'Antivirus.Controllers.EngineController.GetStatus (SentinelShieldAntivirus)'
2026-04-09 23:58:04.748 +05:30 [Information] Microsoft.AspNetCore.Routing.EndpointMiddleware: Executing endpoint 'Antivirus.Controllers.HealthController.Get (SentinelShieldAntivirus)'
2026-04-09 23:58:04.784 +05:30 [Information] Microsoft.AspNetCore.Mvc.Infrastructure.ControllerActionInvoker: Route matched with {action = "Get", controller = "FileEvents"}. Executing controller action with signature System.Threading.Tasks.Task`1[Microsoft.AspNetCore.Mvc.IActionResult] Get(System.Threading.CancellationToken) on controller Antivirus.Controllers.FileEventsController (SentinelShieldAntivirus).
2026-04-09 23:58:04.786 +05:30 [Information] Microsoft.AspNetCore.Mvc.Infrastructure.ControllerActionInvoker: Route matched with {action = "GetStatus", controller = "Engine"}. Executing controller action with signature System.Threading.Tasks.Task`1[Microsoft.AspNetCore.Mvc.IActionResult] GetStatus(System.Threading.CancellationToken) on controller Antivirus.Controllers.EngineController (SentinelShieldAntivirus).
2026-04-09 23:58:04.750 +05:30 [Information] Microsoft.AspNetCore.Routing.EndpointMiddleware: Executing endpoint 'Antivirus.Controllers.ReportsController.GetExports (SentinelShieldAntivirus)'
2026-04-09 23:58:04.782 +05:30 [Information] Microsoft.AspNetCore.Routing.EndpointMiddleware: Executing endpoint 'Antivirus.Controllers.ControlPlaneController.GetSummary (SentinelShieldAntivirus)'
2026-04-09 23:58:04.789 +05:30 [Information] Microsoft.AspNetCore.Mvc.Infrastructure.ControllerActionInvoker: Route matched with {action = "Get", controller = "Health"}. Executing controller action with signature System.Threading.Tasks.Task`1[Microsoft.AspNetCore.Mvc.IActionResult] Get(System.Threading.CancellationToken) on controller Antivirus.Controllers.HealthController (SentinelShieldAntivirus).
2026-04-09 23:58:04.793 +05:30 [Information] Microsoft.AspNetCore.Mvc.Infrastructure.ControllerActionInvoker: Route matched with {action = "GetExports", controller = "Reports"}. Executing controller action with signature System.Threading.Tasks.Task`1[Microsoft.AspNetCore.Mvc.ActionResult`1[System.Collections.Generic.IReadOnlyCollection`1[Antivirus.Domain.ScanReportExport]]] GetExports(System.Threading.CancellationToken) on controller Antivirus.Controllers.ReportsController (SentinelShieldAntivirus).
2026-04-09 23:58:04.615 +05:30 [Information] Microsoft.AspNetCore.Hosting.Diagnostics: Request starting HTTP/2 GET https://localhost:44380/api/scans - application/json -
2026-04-09 23:58:04.617 +05:30 [Information] Microsoft.AspNetCore.Hosting.Diagnostics: Request starting HTTP/2 GET https://localhost:44380/api/controlplane/tenants - application/json -
2026-04-09 23:58:04.796 +05:30 [Information] Microsoft.AspNetCore.Mvc.Infrastructure.ControllerActionInvoker: Route matched with {action = "GetSummary", controller = "ControlPlane"}. Executing controller action with signature System.Threading.Tasks.Task`1[Microsoft.AspNetCore.Mvc.ActionResult`1[Antivirus.Domain.EnterpriseDashboardSummary]] GetSummary(System.Threading.CancellationToken) on controller Antivirus.Controllers.ControlPlaneController (SentinelShieldAntivirus).
2026-04-09 23:58:04.801 +05:30 [Information] Microsoft.AspNetCore.Routing.EndpointMiddleware: Executing endpoint 'Antivirus.Controllers.ScansController.Get (SentinelShieldAntivirus)'
2026-04-09 23:58:04.687 +05:30 [Information] Microsoft.AspNetCore.Hosting.Diagnostics: Request starting HTTP/2 GET https://localhost:44380/api/threats - application/json -
2026-04-09 23:58:04.803 +05:30 [Information] Microsoft.AspNetCore.Routing.EndpointMiddleware: Executing endpoint 'Antivirus.Controllers.ControlPlaneController.GetTenants (SentinelShieldAntivirus)'
2026-04-09 23:58:04.807 +05:30 [Information] Microsoft.AspNetCore.Mvc.Infrastructure.ControllerActionInvoker: Route matched with {action = "Get", controller = "Scans"}. Executing controller action with signature System.Threading.Tasks.Task`1[Microsoft.AspNetCore.Mvc.IActionResult] Get(System.Threading.CancellationToken) on controller Antivirus.Controllers.ScansController (SentinelShieldAntivirus).
2026-04-09 23:58:04.810 +05:30 [Information] Microsoft.AspNetCore.Routing.EndpointMiddleware: Executing endpoint 'Antivirus.Controllers.ThreatsController.Get (SentinelShieldAntivirus)'
2026-04-09 23:58:04.813 +05:30 [Information] Microsoft.AspNetCore.Mvc.Infrastructure.ControllerActionInvoker: Route matched with {action = "GetTenants", controller = "ControlPlane"}. Executing controller action with signature System.Threading.Tasks.Task`1[Microsoft.AspNetCore.Mvc.ActionResult`1[System.Collections.Generic.IReadOnlyCollection`1[Antivirus.Domain.TenantSummary]]] GetTenants(System.Threading.CancellationToken) on controller Antivirus.Controllers.ControlPlaneController (SentinelShieldAntivirus).
2026-04-09 23:58:04.817 +05:30 [Information] Microsoft.AspNetCore.Mvc.Infrastructure.ControllerActionInvoker: Route matched with {action = "Get", controller = "Threats"}. Executing controller action with signature System.Threading.Tasks.Task`1[Microsoft.AspNetCore.Mvc.IActionResult] Get(System.Threading.CancellationToken) on controller Antivirus.Controllers.ThreatsController (SentinelShieldAntivirus).
2026-04-09 23:58:04.984 +05:30 [Information] Microsoft.AspNetCore.Mvc.Infrastructure.ControllerActionInvoker: Executing action method Antivirus.Controllers.HealthController.Get (SentinelShieldAntivirus) - Validation state: Valid
2026-04-09 23:58:04.988 +05:30 [Information] Microsoft.AspNetCore.Mvc.Infrastructure.ControllerActionInvoker: Executing action method Antivirus.Controllers.EngineController.GetStatus (SentinelShieldAntivirus) - Validation state: Valid
2026-04-09 23:58:04.986 +05:30 [Information] Microsoft.AspNetCore.Mvc.Infrastructure.ControllerActionInvoker: Executing action method Antivirus.Controllers.FileEventsController.Get (SentinelShieldAntivirus) - Validation state: Valid
2026-04-09 23:58:04.994 +05:30 [Information] Microsoft.AspNetCore.Mvc.Infrastructure.ControllerActionInvoker: Executing action method Antivirus.Controllers.ReportsController.GetExports (SentinelShieldAntivirus) - Validation state: Valid
2026-04-09 23:58:05.018 +05:30 [Information] Microsoft.AspNetCore.Mvc.Infrastructure.ControllerActionInvoker: Executed action method Antivirus.Controllers.EngineController.GetStatus (SentinelShieldAntivirus), returned result Microsoft.AspNetCore.Mvc.OkObjectResult in 1.0931ms.
2026-04-09 23:58:04.990 +05:30 [Information] Microsoft.AspNetCore.Mvc.Infrastructure.ControllerActionInvoker: Executing action method Antivirus.Controllers.ControlPlaneController.GetSummary (SentinelShieldAntivirus) - Validation state: Valid
2026-04-09 23:58:05.049 +05:30 [Information] Microsoft.AspNetCore.Mvc.Infrastructure.ControllerActionInvoker: Executed action method Antivirus.Controllers.HealthController.Get (SentinelShieldAntivirus), returned result Microsoft.AspNetCore.Mvc.OkObjectResult in 29.7332ms.
2026-04-09 23:58:05.052 +05:30 [Information] Microsoft.AspNetCore.Mvc.Infrastructure.ObjectResultExecutor: Executing OkObjectResult, writing value of type '<>f__AnonymousType0`6[[System.Boolean, System.Private.CoreLib, Version=10.0.0.0, Culture=neutral, PublicKeyToken=7cec85d7bea7798e],[System.DateTimeOffset, System.Private.CoreLib, Version=10.0.0.0, Culture=neutral, PublicKeyToken=7cec85d7bea7798e],[System.String, System.Private.CoreLib, Version=10.0.0.0, Culture=neutral, PublicKeyToken=7cec85d7bea7798e],[System.String, System.Private.CoreLib, Version=10.0.0.0, Culture=neutral, PublicKeyToken=7cec85d7bea7798e],[System.Boolean, System.Private.CoreLib, Version=10.0.0.0, Culture=neutral, PublicKeyToken=7cec85d7bea7798e],[System.String, System.Private.CoreLib, Version=10.0.0.0, Culture=neutral, PublicKeyToken=7cec85d7bea7798e]]'.
2026-04-09 23:58:05.054 +05:30 [Information] Microsoft.AspNetCore.Mvc.Infrastructure.ControllerActionInvoker: Executed action method Antivirus.Controllers.ReportsController.GetExports (SentinelShieldAntivirus), returned result Microsoft.AspNetCore.Mvc.OkObjectResult in 32.3084ms.
2026-04-09 23:58:05.057 +05:30 [Information] Microsoft.AspNetCore.Mvc.Infrastructure.ObjectResultExecutor: Executing OkObjectResult, writing value of type 'Antivirus.Domain.DeviceHealthSnapshot'.
2026-04-09 23:58:05.060 +05:30 [Information] Microsoft.AspNetCore.Mvc.Infrastructure.ControllerActionInvoker: Executed action Antivirus.Controllers.EngineController.GetStatus (SentinelShieldAntivirus) in 267.9634ms
2026-04-09 23:58:05.063 +05:30 [Information] Microsoft.AspNetCore.Mvc.Infrastructure.ObjectResultExecutor: Executing OkObjectResult, writing value of type 'System.Collections.Generic.List`1[[Antivirus.Domain.ScanReportExport, Antivirus.Domain, Version=1.0.0.0, Culture=neutral, PublicKeyToken=null]]'.
2026-04-09 23:58:05.066 +05:30 [Information] Microsoft.AspNetCore.Mvc.Infrastructure.ControllerActionInvoker: Executed action Antivirus.Controllers.HealthController.Get (SentinelShieldAntivirus) in 267.4948ms
2026-04-09 23:58:05.068 +05:30 [Information] Microsoft.AspNetCore.Routing.EndpointMiddleware: Executed endpoint 'Antivirus.Controllers.EngineController.GetStatus (SentinelShieldAntivirus)'
2026-04-09 23:58:05.071 +05:30 [Information] Microsoft.AspNetCore.Mvc.Infrastructure.ControllerActionInvoker: Executed action Antivirus.Controllers.ReportsController.GetExports (SentinelShieldAntivirus) in 271.5064ms
2026-04-09 23:58:05.073 +05:30 [Information] Microsoft.AspNetCore.Routing.EndpointMiddleware: Executed endpoint 'Antivirus.Controllers.HealthController.Get (SentinelShieldAntivirus)'
2026-04-09 23:58:05.076 +05:30 [Information] Antivirus.Middleware.RequestLoggingMiddleware: GET /api/engine/status responded 200 in 323 ms
2026-04-09 23:58:05.078 +05:30 [Information] Microsoft.AspNetCore.Routing.EndpointMiddleware: Executed endpoint 'Antivirus.Controllers.ReportsController.GetExports (SentinelShieldAntivirus)'
2026-04-09 23:58:05.081 +05:30 [Information] Antivirus.Middleware.RequestLoggingMiddleware: GET /api/health/status responded 200 in 388 ms
2026-04-09 23:58:05.084 +05:30 [Information] Microsoft.AspNetCore.Hosting.Diagnostics: Request finished HTTP/2 GET https://localhost:44380/api/engine/status - 200 - application/json;+charset=utf-8 470.8767ms
2026-04-09 23:58:05.087 +05:30 [Information] Antivirus.Middleware.RequestLoggingMiddleware: GET /api/reports/scans/exports responded 200 in 391 ms
2026-04-09 23:58:04.996 +05:30 [Information] Microsoft.AspNetCore.Mvc.Infrastructure.ControllerActionInvoker: Executing action method Antivirus.Controllers.ScansController.Get (SentinelShieldAntivirus) - Validation state: Valid
2026-04-09 23:58:05.089 +05:30 [Information] Microsoft.AspNetCore.Hosting.Diagnostics: Request finished HTTP/2 GET https://localhost:44380/api/health/status - 200 - application/json;+charset=utf-8 482.2902ms
2026-04-09 23:58:04.992 +05:30 [Information] Microsoft.AspNetCore.Mvc.Infrastructure.ControllerActionInvoker: Executing action method Antivirus.Controllers.ControlPlaneController.GetTenants (SentinelShieldAntivirus) - Validation state: Valid
2026-04-09 23:58:05.017 +05:30 [Information] Microsoft.AspNetCore.Mvc.Infrastructure.ControllerActionInvoker: Executing action method Antivirus.Controllers.ThreatsController.Get (SentinelShieldAntivirus) - Validation state: Valid
2026-04-09 23:58:05.094 +05:30 [Information] Microsoft.AspNetCore.Hosting.Diagnostics: Request finished HTTP/2 GET https://localhost:44380/api/reports/scans/exports - 200 - application/json;+charset=utf-8 486.1152ms
2026-04-09 23:58:05.099 +05:30 [Information] Microsoft.AspNetCore.Mvc.Infrastructure.ControllerActionInvoker: Executed action method Antivirus.Controllers.ScansController.Get (SentinelShieldAntivirus), returned result Microsoft.AspNetCore.Mvc.OkObjectResult in 2.4834ms.
2026-04-09 23:58:05.101 +05:30 [Information] Microsoft.AspNetCore.Mvc.Infrastructure.ControllerActionInvoker: Executed action method Antivirus.Controllers.ControlPlaneController.GetTenants (SentinelShieldAntivirus), returned result Microsoft.AspNetCore.Mvc.OkObjectResult in 3.0898ms.
2026-04-09 23:58:05.105 +05:30 [Information] Microsoft.AspNetCore.Mvc.Infrastructure.ObjectResultExecutor: Executing OkObjectResult, writing value of type 'System.Collections.Generic.List`1[[Antivirus.Domain.ScanJob, Antivirus.Domain, Version=1.0.0.0, Culture=neutral, PublicKeyToken=null]]'.
2026-04-09 23:58:05.108 +05:30 [Information] Microsoft.AspNetCore.Mvc.Infrastructure.ObjectResultExecutor: Executing OkObjectResult, writing value of type 'System.Collections.Generic.List`1[[Antivirus.Domain.TenantSummary, Antivirus.Domain, Version=1.0.0.0, Culture=neutral, PublicKeyToken=null]]'.
2026-04-09 23:58:05.112 +05:30 [Information] Microsoft.AspNetCore.Mvc.Infrastructure.ControllerActionInvoker: Executed action Antivirus.Controllers.ScansController.Get (SentinelShieldAntivirus) in 295.9563ms
2026-04-09 23:58:05.115 +05:30 [Information] Microsoft.AspNetCore.Mvc.Infrastructure.ControllerActionInvoker: Executed action Antivirus.Controllers.ControlPlaneController.GetTenants (SentinelShieldAntivirus) in 294.893ms
2026-04-09 23:58:05.117 +05:30 [Information] Microsoft.AspNetCore.Routing.EndpointMiddleware: Executed endpoint 'Antivirus.Controllers.ScansController.Get (SentinelShieldAntivirus)'
2026-04-09 23:58:05.120 +05:30 [Information] Microsoft.AspNetCore.Routing.EndpointMiddleware: Executed endpoint 'Antivirus.Controllers.ControlPlaneController.GetTenants (SentinelShieldAntivirus)'
2026-04-09 23:58:05.123 +05:30 [Information] Antivirus.Middleware.RequestLoggingMiddleware: GET /api/scans responded 200 in 321 ms
2026-04-09 23:58:05.155 +05:30 [Information] Antivirus.Middleware.RequestLoggingMiddleware: GET /api/controlplane/tenants responded 200 in 321 ms
2026-04-09 23:58:05.158 +05:30 [Information] Microsoft.AspNetCore.Hosting.Diagnostics: Request finished HTTP/2 GET https://localhost:44380/api/scans - 200 - application/json;+charset=utf-8 551.4391ms
2026-04-09 23:58:05.161 +05:30 [Information] Microsoft.AspNetCore.Hosting.Diagnostics: Request finished HTTP/2 GET https://localhost:44380/api/controlplane/tenants - 200 - application/json;+charset=utf-8 554.2812ms
2026-04-09 23:58:05.258 +05:30 [Information] Microsoft.AspNetCore.Mvc.Infrastructure.ControllerActionInvoker: Executed action method Antivirus.Controllers.FileEventsController.Get (SentinelShieldAntivirus), returned result Microsoft.AspNetCore.Mvc.OkObjectResult in 241.5257ms.
2026-04-09 23:58:05.262 +05:30 [Information] Microsoft.AspNetCore.Mvc.Infrastructure.ObjectResultExecutor: Executing OkObjectResult, writing value of type 'Antivirus.Domain.FileSecurityEvent[]'.
2026-04-09 23:58:05.269 +05:30 [Information] Microsoft.AspNetCore.Mvc.Infrastructure.ControllerActionInvoker: Executed action Antivirus.Controllers.FileEventsController.Get (SentinelShieldAntivirus) in 476.8158ms
2026-04-09 23:58:05.298 +05:30 [Information] Microsoft.AspNetCore.Routing.EndpointMiddleware: Executed endpoint 'Antivirus.Controllers.FileEventsController.Get (SentinelShieldAntivirus)'
2026-04-09 23:58:05.330 +05:30 [Information] Antivirus.Middleware.RequestLoggingMiddleware: GET /api/fileevents responded 200 in 609 ms
2026-04-09 23:58:05.334 +05:30 [Information] Microsoft.AspNetCore.Hosting.Diagnostics: Request finished HTTP/2 GET https://localhost:44380/api/fileevents - 200 - application/json;+charset=utf-8 726.6307ms
2026-04-09 23:58:05.431 +05:30 [Information] Microsoft.AspNetCore.Mvc.Infrastructure.ControllerActionInvoker: Executed action method Antivirus.Controllers.ControlPlaneController.GetSummary (SentinelShieldAntivirus), returned result Microsoft.AspNetCore.Mvc.OkObjectResult in 375.8684ms.
2026-04-09 23:58:05.435 +05:30 [Information] Microsoft.AspNetCore.Mvc.Infrastructure.ObjectResultExecutor: Executing OkObjectResult, writing value of type 'Antivirus.Domain.EnterpriseDashboardSummary'.
2026-04-09 23:58:05.441 +05:30 [Information] Microsoft.AspNetCore.Mvc.Infrastructure.ControllerActionInvoker: Executed action Antivirus.Controllers.ControlPlaneController.GetSummary (SentinelShieldAntivirus) in 634.8587ms
2026-04-09 23:58:05.470 +05:30 [Information] Microsoft.AspNetCore.Routing.EndpointMiddleware: Executed endpoint 'Antivirus.Controllers.ControlPlaneController.GetSummary (SentinelShieldAntivirus)'
2026-04-09 23:58:05.474 +05:30 [Information] Antivirus.Middleware.RequestLoggingMiddleware: GET /api/controlplane/summary responded 200 in 691 ms
2026-04-09 23:58:05.479 +05:30 [Information] Microsoft.AspNetCore.Hosting.Diagnostics: Request finished HTTP/2 GET https://localhost:44380/api/controlplane/summary - 200 - application/json;+charset=utf-8 871.2071ms
2026-04-09 23:58:05.586 +05:30 [Information] Microsoft.AspNetCore.Hosting.Diagnostics: Request starting HTTP/2 GET https://localhost:44380/api/scans/32/progress - application/json -
2026-04-09 23:58:05.590 +05:30 [Information] Microsoft.AspNetCore.Routing.EndpointMiddleware: Executing endpoint 'Antivirus.Controllers.ScansController.GetProgress (SentinelShieldAntivirus)'
2026-04-09 23:58:05.595 +05:30 [Information] Microsoft.AspNetCore.Mvc.Infrastructure.ControllerActionInvoker: Route matched with {action = "GetProgress", controller = "Scans"}. Executing controller action with signature System.Threading.Tasks.Task`1[Microsoft.AspNetCore.Mvc.IActionResult] GetProgress(Int32, System.Threading.CancellationToken) on controller Antivirus.Controllers.ScansController (SentinelShieldAntivirus).
2026-04-09 23:58:05.623 +05:30 [Information] Microsoft.AspNetCore.Mvc.Infrastructure.ControllerActionInvoker: Executing action method Antivirus.Controllers.ScansController.GetProgress (SentinelShieldAntivirus) - Validation state: Valid
2026-04-09 23:58:05.735 +05:30 [Information] Microsoft.AspNetCore.Mvc.Infrastructure.ControllerActionInvoker: Executed action method Antivirus.Controllers.ScansController.GetProgress (SentinelShieldAntivirus), returned result Microsoft.AspNetCore.Mvc.OkObjectResult in 84.1113ms.
2026-04-09 23:58:05.766 +05:30 [Information] Microsoft.AspNetCore.Mvc.Infrastructure.ObjectResultExecutor: Executing OkObjectResult, writing value of type 'System.Collections.Generic.List`1[[Antivirus.Domain.ScanProgressEvent, Antivirus.Domain, Version=1.0.0.0, Culture=neutral, PublicKeyToken=null]]'.
2026-04-09 23:58:05.797 +05:30 [Information] Microsoft.AspNetCore.Mvc.Infrastructure.ControllerActionInvoker: Executed action Antivirus.Controllers.ScansController.GetProgress (SentinelShieldAntivirus) in 171.4741ms
2026-04-09 23:58:05.826 +05:30 [Information] Microsoft.AspNetCore.Routing.EndpointMiddleware: Executed endpoint 'Antivirus.Controllers.ScansController.GetProgress (SentinelShieldAntivirus)'
2026-04-09 23:58:05.830 +05:30 [Information] Antivirus.Middleware.RequestLoggingMiddleware: GET /api/scans/32/progress responded 200 in 239 ms
2026-04-09 23:58:05.834 +05:30 [Information] Microsoft.AspNetCore.Hosting.Diagnostics: Request finished HTTP/2 GET https://localhost:44380/api/scans/32/progress - 200 - application/json;+charset=utf-8 248.5954ms
2026-04-09 23:58:06.086 +05:30 [Information] Microsoft.AspNetCore.Mvc.Infrastructure.ControllerActionInvoker: Executed action method Antivirus.Controllers.ThreatsController.Get (SentinelShieldAntivirus), returned result Microsoft.AspNetCore.Mvc.OkObjectResult in 983.3792ms.
2026-04-09 23:58:06.091 +05:30 [Information] Microsoft.AspNetCore.Mvc.Infrastructure.ObjectResultExecutor: Executing OkObjectResult, writing value of type 'System.Collections.Generic.List`1[[Antivirus.Domain.ThreatDetection, Antivirus.Domain, Version=1.0.0.0, Culture=neutral, PublicKeyToken=null]]'.
2026-04-09 23:58:06.258 +05:30 [Information] Microsoft.AspNetCore.Mvc.Infrastructure.ControllerActionInvoker: Executed action Antivirus.Controllers.ThreatsController.Get (SentinelShieldAntivirus) in 1300.3164ms
2026-04-09 23:58:06.262 +05:30 [Information] Microsoft.AspNetCore.Routing.EndpointMiddleware: Executed endpoint 'Antivirus.Controllers.ThreatsController.Get (SentinelShieldAntivirus)'
2026-04-09 23:58:06.266 +05:30 [Information] Antivirus.Middleware.RequestLoggingMiddleware: GET /api/threats responded 200 in 1455 ms
2026-04-09 23:58:06.271 +05:30 [Information] Microsoft.AspNetCore.Hosting.Diagnostics: Request finished HTTP/2 GET https://localhost:44380/api/threats - 200 - application/json;+charset=utf-8 1663.0159ms
2026-04-09 23:58:14.614 +05:30 [Information] Microsoft.AspNetCore.Hosting.Diagnostics: Request starting HTTP/2 GET https://localhost:44380/api/scans/32/progress - application/json -
2026-04-09 23:58:14.621 +05:30 [Information] Microsoft.AspNetCore.Routing.EndpointMiddleware: Executing endpoint 'Antivirus.Controllers.ScansController.GetProgress (SentinelShieldAntivirus)'
2026-04-09 23:58:14.630 +05:30 [Information] Microsoft.AspNetCore.Mvc.Infrastructure.ControllerActionInvoker: Route matched with {action = "GetProgress", controller = "Scans"}. Executing controller action with signature System.Threading.Tasks.Task`1[Microsoft.AspNetCore.Mvc.IActionResult] GetProgress(Int32, System.Threading.CancellationToken) on controller Antivirus.Controllers.ScansController (SentinelShieldAntivirus).
2026-04-09 23:58:14.655 +05:30 [Information] Microsoft.AspNetCore.Mvc.Infrastructure.ControllerActionInvoker: Executing action method Antivirus.Controllers.ScansController.GetProgress (SentinelShieldAntivirus) - Validation state: Valid
2026-04-09 23:58:14.737 +05:30 [Information] Microsoft.AspNetCore.Mvc.Infrastructure.ControllerActionInvoker: Executed action method Antivirus.Controllers.ScansController.GetProgress (SentinelShieldAntivirus), returned result Microsoft.AspNetCore.Mvc.OkObjectResult in 78.1944ms.
2026-04-09 23:58:14.744 +05:30 [Information] Microsoft.AspNetCore.Mvc.Infrastructure.ObjectResultExecutor: Executing OkObjectResult, writing value of type 'System.Collections.Generic.List`1[[Antivirus.Domain.ScanProgressEvent, Antivirus.Domain, Version=1.0.0.0, Culture=neutral, PublicKeyToken=null]]'.
2026-04-09 23:58:14.750 +05:30 [Information] Microsoft.AspNetCore.Mvc.Infrastructure.ControllerActionInvoker: Executed action Antivirus.Controllers.ScansController.GetProgress (SentinelShieldAntivirus) in 115.9861ms
2026-04-09 23:58:14.754 +05:30 [Information] Microsoft.AspNetCore.Routing.EndpointMiddleware: Executed endpoint 'Antivirus.Controllers.ScansController.GetProgress (SentinelShieldAntivirus)'
2026-04-09 23:58:14.759 +05:30 [Information] Antivirus.Middleware.RequestLoggingMiddleware: GET /api/scans/32/progress responded 200 in 139 ms
2026-04-09 23:58:14.764 +05:30 [Information] Microsoft.AspNetCore.Hosting.Diagnostics: Request finished HTTP/2 GET https://localhost:44380/api/scans/32/progress - 200 - application/json;+charset=utf-8 148.9251ms
